Log file open, 06/10/19 22:49:42
LogWindows: Failed to load 'aqProf.dll' (GetLastError=126)
LogWindows: File 'aqProf.dll' does not exist
LogWindows: Failed to load 'VtuneApi.dll' (GetLastError=126)
LogWindows: File 'VtuneApi.dll' does not exist
LogWindows: Failed to load 'VtuneApi32e.dll' (GetLastError=126)
LogWindows: File 'VtuneApi32e.dll' does not exist
LogConsoleResponse: Display: Failed to find resolution value strings in scalability ini. Falling back to default.
LogInit: Display: Running engine for game: MagnetCave
LogPakFile: Registered encryption key '00000000000000000000000000000000': 0 pak files mounted, 0 remain pending
LogPlatformFile: Not using cached read wrapper
LogTaskGraph: Started task graph with 5 named threads and 23 total threads with 3 sets of task threads.
LogStats: Stats thread started at 0.267208
LogD3D11RHI: Loaded GFSDK_Aftermath_Lib.x64.dll
LogICUInternationalization: ICU TimeZone Detection - Raw Offset: -6:00, Platform Override: ''
LogPluginManager: Mounting plugin Paper2D
LogPluginManager: Mounting plugin AISupport
LogPluginManager: Mounting plugin LightPropagationVolume
LogPluginManager: Mounting plugin ActorLayerUtilities
LogPluginManager: Mounting plugin AnimationSharing
LogPluginManager: Mounting plugin CLionSourceCodeAccess
LogPluginManager: Mounting plugin CodeLiteSourceCodeAccess
LogPluginManager: Mounting plugin GitSourceControl
LogPluginManager: Mounting plugin KDevelopSourceCodeAccess
LogPluginManager: Mounting plugin NullSourceCodeAccess
LogPluginManager: Mounting plugin PerforceSourceControl
LogPluginManager: Mounting plugin SubversionSourceControl
LogPluginManager: Mounting plugin UObjectPlugin
LogPluginManager: Mounting plugin VisualStudioCodeSourceCodeAccess
LogPluginManager: Mounting plugin VisualStudioSourceCodeAccess
LogPluginManager: Mounting plugin XCodeSourceCodeAccess
LogPluginManager: Mounting plugin AssetManagerEditor
LogPluginManager: Mounting plugin CryptoKeys
LogPluginManager: Mounting plugin DataValidation
LogPluginManager: Mounting plugin FacialAnimation
LogPluginManager: Mounting plugin GameplayTagsEditor
LogPluginManager: Mounting plugin MacGraphicsSwitching
LogPluginManager: Mounting plugin MaterialAnalyzer
LogPluginManager: Mounting plugin MobileLauncherProfileWizard
LogPluginManager: Mounting plugin PluginBrowser
LogPluginManager: Mounting plugin SpeedTreeImporter
LogPluginManager: Mounting plugin DatasmithContent
LogPluginManager: Mounting plugin VariantManagerContent
LogPluginManager: Mounting plugin AlembicImporter
LogPluginManager: Mounting plugin AppleImageUtils
LogPluginManager: Mounting plugin AppleVision
LogPluginManager: Mounting plugin BackChannel
LogPluginManager: Mounting plugin CharacterAI
LogPluginManager: Mounting plugin GeometryCache
LogPluginManager: Mounting plugin HTML5Networking
LogPluginManager: Mounting plugin ProxyLODPlugin
LogPluginManager: Mounting plugin SkeletalReduction
LogPluginManager: Mounting plugin MagicLeap
LogPluginManager: Mounting plugin MagicLeapMedia
LogPluginManager: Mounting plugin AndroidMedia
LogPluginManager: Mounting plugin AvfMedia
LogPluginManager: Mounting plugin ImgMedia
LogPluginManager: Mounting plugin LinearTimecode
LogPluginManager: Mounting plugin MediaCompositing
LogPluginManager: Mounting plugin MediaPlayerEditor
LogPluginManager: Mounting plugin WebMMedia
LogPluginManager: Mounting plugin WmfMedia
LogPluginManager: Mounting plugin TcpMessaging
LogPluginManager: Mounting plugin UdpMessaging
LogPluginManager: Mounting plugin ActorSequence
LogPluginManager: Mounting plugin LevelSequenceEditor
LogPluginManager: Mounting plugin MatineeToLevelSequence
LogPluginManager: Mounting plugin NetcodeUnitTest
LogPluginManager: Mounting plugin NUTUnrealEngine4
LogPluginManager: Mounting plugin OnlineSubsystemGooglePlay
LogPluginManager: Mounting plugin OnlineSubsystemIOS
LogPluginManager: Mounting plugin OnlineSubsystem
LogPluginManager: Mounting plugin OnlineSubsystemNull
LogPluginManager: Mounting plugin OnlineSubsystemUtils
LogPluginManager: Mounting plugin LauncherChunkInstaller
LogPluginManager: Mounting plugin AndroidDeviceProfileSelector
LogPluginManager: Mounting plugin AndroidMoviePlayer
LogPluginManager: Mounting plugin AndroidPermission
LogPluginManager: Mounting plugin AppleMoviePlayer
LogPluginManager: Mounting plugin ArchVisCharacter
LogPluginManager: Mounting plugin AudioCapture
LogPluginManager: Mounting plugin CableComponent
LogPluginManager: Mounting plugin CustomMeshComponent
LogPluginManager: Mounting plugin EditableMesh
LogPluginManager: Mounting plugin ExampleDeviceProfileSelector
LogPluginManager: Mounting plugin Firebase
LogPluginManager: Mounting plugin GoogleCloudMessaging
LogPluginManager: Mounting plugin IOSDeviceProfileSelector
LogPluginManager: Mounting plugin LinuxDeviceProfileSelector
LogPluginManager: Mounting plugin LocationServicesBPLibrary
LogPluginManager: Mounting plugin MobilePatchingUtils
LogPluginManager: Mounting plugin OculusVR
LogPluginManager: Mounting plugin PhysXVehicles
LogPluginManager: Mounting plugin ProceduralMeshComponent
LogPluginManager: Mounting plugin RuntimePhysXCooking
LogPluginManager: Mounting plugin SignificanceManager
LogPluginManager: Mounting plugin SteamVR
LogPluginManager: Mounting plugin WebMMoviePlayer
LogPluginManager: Mounting plugin WindowsMoviePlayer
LogInit: Using libcurl 7.55.1-DEV
LogInit:  - built for x86_64-pc-win32
LogInit:  - supports SSL with OpenSSL/1.1.1
LogInit:  - supports HTTP deflate (compression) using libz 1.2.8
LogInit:  - other features:
LogInit:      CURL_VERSION_SSL
LogInit:      CURL_VERSION_LIBZ
LogInit:      CURL_VERSION_IPV6
LogInit:      CURL_VERSION_ASYNCHDNS
LogInit:      CURL_VERSION_LARGEFILE
LogInit:      CURL_VERSION_IDN
LogInit:  CurlRequestOptions (configurable via config and command line):
LogInit:  - bVerifyPeer = true  - Libcurl will verify peer certificate
LogInit:  - bUseHttpProxy = false  - Libcurl will NOT use HTTP proxy
LogInit:  - bDontReuseConnections = false  - Libcurl will reuse connections
LogInit:  - MaxHostConnections = 16  - Libcurl will limit the number of connections to a host
LogInit:  - LocalHostAddr = Default
LogInit:  - BufferSize = 65536
LogInit: WinSock: version 1.1 (2.2), MaxSocks=32767, MaxUdp=65467
LogInit: Build: ++UE4+Release-4.22-CL-6574378
LogInit: Engine Version: 4.22.2-6574378+++UE4+Release-4.22
LogInit: Compatible Engine Version: 4.22.0-5660361+++UE4+Release-4.22
LogInit: Net CL: 5660361
LogInit: OS: Windows 10 (Release 1803) (), CPU: Intel(R) Core(TM) i7-4790K CPU @ 4.00GHz, GPU: NVIDIA GeForce GTX 960
LogInit: Compiled (64-bit): May 20 2019 09:54:56
LogInit: Compiled with Visual C++: 19.16.27025.01
LogInit: Build Configuration: Development
LogInit: Branch Name: ++UE4+Release-4.22
LogInit: Command Line:  -EpicPortal -epicusername=blifson -epicuserid=a75e3b405d1040199ec7dcf6a31d40e6 -epiclocale=en-US
LogInit: Base Directory: C:/Program Files/Epic Games/UE_4.22/Engine/Binaries/Win64/
LogInit: Installed Engine Build: 1
LogDevObjectVersion: Number of dev versions registered: 23
LogDevObjectVersion:   Dev-Blueprints (B0D832E4-1F89-4F0D-ACCF-7EB736FD4AA2): 10
LogDevObjectVersion:   Dev-Build (E1C64328-A22C-4D53-A36C-8E866417BD8C): 0
LogDevObjectVersion:   Dev-Core (375EC13C-06E4-48FB-B500-84F0262A717E): 3
LogDevObjectVersion:   Dev-Editor (E4B068ED-F494-42E9-A231-DA0B2E46BB41): 30
LogDevObjectVersion:   Dev-Framework (CFFC743F-43B0-4480-9391-14DF171D2073): 35
LogDevObjectVersion:   Dev-Mobile (B02B49B5-BB20-44E9-A304-32B752E40360): 2
LogDevObjectVersion:   Dev-Networking (A4E4105C-59A1-49B5-A7C5-40C4547EDFEE): 0
LogDevObjectVersion:   Dev-Online (39C831C9-5AE6-47DC-9A44-9C173E1C8E7C): 0
LogDevObjectVersion:   Dev-Physics (78F01B33-EBEA-4F98-B9B4-84EACCB95AA2): 0
LogDevObjectVersion:   Dev-Platform (6631380F-2D4D-43E0-8009-CF276956A95A): 0
LogDevObjectVersion:   Dev-Rendering (12F88B9F-8875-4AFC-A67C-D90C383ABD29): 28
LogDevObjectVersion:   Dev-Sequencer (7B5AE74C-D270-4C10-A958-57980B212A5A): 11
LogDevObjectVersion:   Dev-VR (D7296918-1DD6-4BDD-9DE2-64A83CC13884): 2
LogDevObjectVersion:   Dev-LoadTimes (C2A15278-BFE7-4AFE-6C17-90FF531DF755): 1
LogDevObjectVersion:   Private-Geometry (6EACA3D4-40EC-4CC1-B786-8BED09428FC5): 3
LogDevObjectVersion:   Dev-AnimPhys (29E575DD-E0A3-4627-9D10-D276232CDCEA): 17
LogDevObjectVersion:   Dev-Anim (AF43A65D-7FD3-4947-9873-3E8ED9C1BB05): 2
LogDevObjectVersion:   Dev-ReflectionCapture (6B266CEC-1EC7-4B8F-A30B-E4D90942FC07): 1
LogDevObjectVersion:   Dev-Automation (0DF73D61-A23F-47EA-B727-89E90C41499A): 1
LogDevObjectVersion:   FortniteMain (601D1886-AC64-4F84-AA16-D3DE0DEAC7D6): 25
LogDevObjectVersion:   Dev-Enterprise (9DFFBCD6-494F-0158-E221-12823C92A888): 6
LogDevObjectVersion:   Dev-Niagara (F2AED0AC-9AFE-416F-8664-AA7FFA26D6FC): 1
LogDevObjectVersion:   Dev-Destruction (174F1F0B-B4C6-45A5-B13F-2EE8D0FB917D): 2
LogInit: Presizing for max 16777216 objects, including 0 objects not considered by GC, pre-allocating 0 bytes for permanent pool.
LogInit: Object subsystem initialized
LogConfig: Setting CVar [[con.DebugEarlyDefault:1]]
LogConfig: Setting CVar [[r.setres:1280x720]]
[2019.06.11-03.49.42:432][  0]LogConfig: Setting CVar [[r.VSync:0]]
[2019.06.11-03.49.42:432][  0]LogConfig: Setting CVar [[r.RHICmdBypass:0]]
[2019.06.11-03.49.42:432][  0]LogConfig: Applying CVar settings from Section [/Script/Engine.RendererSettings] File [C:/Users/blifson/Documents/Unreal Projects/Magnet/WestBattleAndCinematicsGit/Unreal/MagnetCave/Saved/Config/Windows/Engine.ini]
[2019.06.11-03.49.42:432][  0]LogConfig: Setting CVar [[r.GPUCrashDebugging:0]]
[2019.06.11-03.49.42:432][  0]LogConfig: Applying CVar settings from Section [/Script/Engine.RendererOverrideSettings] File [C:/Users/blifson/Documents/Unreal Projects/Magnet/WestBattleAndCinematicsGit/Unreal/MagnetCave/Saved/Config/Windows/Engine.ini]
[2019.06.11-03.49.42:432][  0]LogConfig: Applying CVar settings from Section [/Script/Engine.StreamingSettings] File [C:/Users/blifson/Documents/Unreal Projects/Magnet/WestBattleAndCinematicsGit/Unreal/MagnetCave/Saved/Config/Windows/Engine.ini]
[2019.06.11-03.49.42:432][  0]LogConfig: Setting CVar [[s.MinBulkDataSizeForAsyncLoading:131072]]
[2019.06.11-03.49.42:432][  0]LogConfig: Setting CVar [[s.AsyncLoadingThreadEnabled:0]]
[2019.06.11-03.49.42:432][  0]LogConfig: Setting CVar [[s.EventDrivenLoaderEnabled:1]]
[2019.06.11-03.49.42:432][  0]LogConfig: Setting CVar [[s.WarnIfTimeLimitExceeded:0]]
[2019.06.11-03.49.42:432][  0]LogConfig: Setting CVar [[s.TimeLimitExceededMultiplier:1.5]]
[2019.06.11-03.49.42:432][  0]LogConfig: Setting CVar [[s.TimeLimitExceededMinTime:0.005]]
[2019.06.11-03.49.42:432][  0]LogConfig: Setting CVar [[s.UseBackgroundLevelStreaming:1]]
[2019.06.11-03.49.42:432][  0]LogConfig: Setting CVar [[s.PriorityAsyncLoadingExtraTime:15.0]]
[2019.06.11-03.49.42:432][  0]LogConfig: Setting CVar [[s.LevelStreamingActorsUpdateTimeLimit:5.0]]
[2019.06.11-03.49.42:432][  0]LogConfig: Setting CVar [[s.PriorityLevelStreamingActorsUpdateExtraTime:5.0]]
[2019.06.11-03.49.42:432][  0]LogConfig: Setting CVar [[s.LevelStreamingComponentsRegistrationGranularity:10]]
[2019.06.11-03.49.42:432][  0]LogConfig: Setting CVar [[s.UnregisterComponentsTimeLimit:1.0]]
[2019.06.11-03.49.42:432][  0]LogConfig: Setting CVar [[s.LevelStreamingComponentsUnregistrationGranularity:5]]
[2019.06.11-03.49.42:432][  0]LogConfig: Applying CVar settings from Section [/Script/Engine.GarbageCollectionSettings] File [C:/Users/blifson/Documents/Unreal Projects/Magnet/WestBattleAndCinematicsGit/Unreal/MagnetCave/Saved/Config/Windows/Engine.ini]
[2019.06.11-03.49.42:432][  0]LogConfig: Setting CVar [[gc.MaxObjectsNotConsideredByGC:1]]
[2019.06.11-03.49.42:432][  0]LogConfig: Setting CVar [[gc.SizeOfPermanentObjectPool:0]]
[2019.06.11-03.49.42:432][  0]LogConfig: Setting CVar [[gc.FlushStreamingOnGC:0]]
[2019.06.11-03.49.42:432][  0]LogConfig: Setting CVar [[gc.NumRetriesBeforeForcingGC:10]]
[2019.06.11-03.49.42:432][  0]LogConfig: Setting CVar [[gc.AllowParallelGC:1]]
[2019.06.11-03.49.42:432][  0]LogConfig: Setting CVar [[gc.TimeBetweenPurgingPendingKillObjects:61.1]]
[2019.06.11-03.49.42:432][  0]LogConfig: Setting CVar [[gc.MaxObjectsInEditor:16777216]]
[2019.06.11-03.49.42:432][  0]LogConfig: Setting CVar [[gc.IncrementalBeginDestroyEnabled:1]]
[2019.06.11-03.49.42:432][  0]LogConfig: Setting CVar [[gc.CreateGCClusters:1]]
[2019.06.11-03.49.42:432][  0]LogConfig: Setting CVar [[gc.MinGCClusterSize:5]]
[2019.06.11-03.49.42:432][  0]LogConfig: Setting CVar [[gc.ActorClusteringEnabled:0]]
[2019.06.11-03.49.42:432][  0]LogConfig: Setting CVar [[gc.BlueprintClusteringEnabled:0]]
[2019.06.11-03.49.42:432][  0]LogConfig: Setting CVar [[gc.UseDisregardForGCOnDedicatedServers:0]]
[2019.06.11-03.49.42:432][  0]LogConfig: Applying CVar settings from Section [/Script/Engine.NetworkSettings] File [C:/Users/blifson/Documents/Unreal Projects/Magnet/WestBattleAndCinematicsGit/Unreal/MagnetCave/Saved/Config/Windows/Engine.ini]
[2019.06.11-03.49.42:433][  0]LogConfig: Applying CVar settings from Section [/Script/UnrealEd.CookerSettings] File [C:/Users/blifson/Documents/Unreal Projects/Magnet/WestBattleAndCinematicsGit/Unreal/MagnetCave/Saved/Config/Windows/Engine.ini]
[2019.06.11-03.49.42:435][  0]LogConfig: Applying CVar settings from Section [ViewDistanceQuality@3] File [C:/Users/blifson/Documents/Unreal Projects/Magnet/WestBattleAndCinematicsGit/Unreal/MagnetCave/Saved/Config/Windows/Scalability.ini]
[2019.06.11-03.49.42:435][  0]LogConfig: Setting CVar [[r.SkeletalMeshLODBias:0]]
[2019.06.11-03.49.42:435][  0]LogConfig: Setting CVar [[r.ViewDistanceScale:1.0]]
[2019.06.11-03.49.42:435][  0]LogConfig: Applying CVar settings from Section [AntiAliasingQuality@3] File [C:/Users/blifson/Documents/Unreal Projects/Magnet/WestBattleAndCinematicsGit/Unreal/MagnetCave/Saved/Config/Windows/Scalability.ini]
[2019.06.11-03.49.42:435][  0]LogConfig: Setting CVar [[r.PostProcessAAQuality:4]]
[2019.06.11-03.49.42:435][  0]LogConfig: Applying CVar settings from Section [ShadowQuality@3] File [C:/Users/blifson/Documents/Unreal Projects/Magnet/WestBattleAndCinematicsGit/Unreal/MagnetCave/Saved/Config/Windows/Scalability.ini]
[2019.06.11-03.49.42:435][  0]LogConfig: Setting CVar [[r.LightFunctionQuality:1]]
[2019.06.11-03.49.42:435][  0]LogConfig: Setting CVar [[r.ShadowQuality:5]]
[2019.06.11-03.49.42:435][  0]LogConfig: Setting CVar [[r.Shadow.CSM.MaxCascades:10]]
[2019.06.11-03.49.42:435][  0]LogConfig: Setting CVar [[r.Shadow.MaxResolution:2048]]
[2019.06.11-03.49.42:435][  0]LogConfig: Setting CVar [[r.Shadow.MaxCSMResolution:2048]]
[2019.06.11-03.49.42:435][  0]LogConfig: Setting CVar [[r.Shadow.RadiusThreshold:0.01]]
[2019.06.11-03.49.42:435][  0]LogConfig: Setting CVar [[r.Shadow.DistanceScale:1.0]]
[2019.06.11-03.49.42:435][  0]LogConfig: Setting CVar [[r.Shadow.CSM.TransitionScale:1.0]]
[2019.06.11-03.49.42:435][  0]LogConfig: Setting CVar [[r.Shadow.PreShadowResolutionFactor:1.0]]
[2019.06.11-03.49.42:435][  0]LogConfig: Setting CVar [[r.DistanceFieldShadowing:1]]
[2019.06.11-03.49.42:435][  0]LogConfig: Setting CVar [[r.DistanceFieldAO:1]]
[2019.06.11-03.49.42:435][  0]LogConfig: Setting CVar [[r.AOQuality:2]]
[2019.06.11-03.49.42:435][  0]LogConfig: Setting CVar [[r.VolumetricFog:1]]
[2019.06.11-03.49.42:435][  0]LogConfig: Setting CVar [[r.VolumetricFog.GridPixelSize:8]]
[2019.06.11-03.49.42:435][  0]LogConfig: Setting CVar [[r.VolumetricFog.GridSizeZ:128]]
[2019.06.11-03.49.42:435][  0]LogConfig: Setting CVar [[r.VolumetricFog.HistoryMissSupersampleCount:4]]
[2019.06.11-03.49.42:435][  0]LogConfig: Setting CVar [[r.LightMaxDrawDistanceScale:1]]
[2019.06.11-03.49.42:435][  0]LogConfig: Setting CVar [[r.CapsuleShadows:1]]
[2019.06.11-03.49.42:435][  0]LogConfig: Applying CVar settings from Section [PostProcessQuality@3] File [C:/Users/blifson/Documents/Unreal Projects/Magnet/WestBattleAndCinematicsGit/Unreal/MagnetCave/Saved/Config/Windows/Scalability.ini]
[2019.06.11-03.49.42:435][  0]LogConfig: Setting CVar [[r.MotionBlurQuality:4]]
[2019.06.11-03.49.42:435][  0]LogConfig: Setting CVar [[r.AmbientOcclusionMipLevelFactor:0.4]]
[2019.06.11-03.49.42:435][  0]LogConfig: Setting CVar [[r.AmbientOcclusionMaxQuality:100]]
[2019.06.11-03.49.42:435][  0]LogConfig: Setting CVar [[r.AmbientOcclusionLevels:-1]]
[2019.06.11-03.49.42:435][  0]LogConfig: Setting CVar [[r.AmbientOcclusionRadiusScale:1.0]]
[2019.06.11-03.49.42:435][  0]LogConfig: Setting CVar [[r.DepthOfFieldQuality:2]]
[2019.06.11-03.49.42:435][  0]LogConfig: Setting CVar [[r.RenderTargetPoolMin:400]]
[2019.06.11-03.49.42:435][  0]LogConfig: Setting CVar [[r.LensFlareQuality:2]]
[2019.06.11-03.49.42:435][  0]LogConfig: Setting CVar [[r.SceneColorFringeQuality:1]]
[2019.06.11-03.49.42:435][  0]LogConfig: Setting CVar [[r.EyeAdaptationQuality:2]]
[2019.06.11-03.49.42:435][  0]LogConfig: Setting CVar [[r.BloomQuality:5]]
[2019.06.11-03.49.42:435][  0]LogConfig: Setting CVar [[r.FastBlurThreshold:100]]
[2019.06.11-03.49.42:435][  0]LogConfig: Setting CVar [[r.Upscale.Quality:3]]
[2019.06.11-03.49.42:435][  0]LogConfig: Setting CVar [[r.Tonemapper.GrainQuantization:1]]
[2019.06.11-03.49.42:435][  0]LogConfig: Setting CVar [[r.LightShaftQuality:1]]
[2019.06.11-03.49.42:435][  0]LogConfig: Setting CVar [[r.Filter.SizeScale:1]]
[2019.06.11-03.49.42:435][  0]LogConfig: Setting CVar [[r.Tonemapper.Quality:5]]
[2019.06.11-03.49.42:435][  0]LogConfig: Setting CVar [[r.DOF.Gather.AccumulatorQuality:1        ; higher gathering accumulator quality]]
[2019.06.11-03.49.42:435][  0]LogConfig: Setting CVar [[r.DOF.Gather.PostfilterMethod:1          ; Median3x3 postfilering method]]
[2019.06.11-03.49.42:435][  0]LogConfig: Setting CVar [[r.DOF.Gather.EnableBokehSettings:0       ; no bokeh simulation when gathering]]
[2019.06.11-03.49.42:435][  0]LogConfig: Setting CVar [[r.DOF.Gather.RingCount:4                 ; medium number of samples when gathering]]
[2019.06.11-03.49.42:435][  0]LogConfig: Setting CVar [[r.DOF.Scatter.ForegroundCompositing:1    ; additive foreground scattering]]
[2019.06.11-03.49.42:435][  0]LogConfig: Setting CVar [[r.DOF.Scatter.BackgroundCompositing:2    ; additive background scattering]]
[2019.06.11-03.49.42:435][  0]LogConfig: Setting CVar [[r.DOF.Scatter.EnableBokehSettings:1      ; bokeh simulation when scattering]]
[2019.06.11-03.49.42:435][  0]LogConfig: Setting CVar [[r.DOF.Scatter.MaxSpriteRatio:0.1         ; only a maximum of 10% of scattered bokeh]]
[2019.06.11-03.49.42:436][  0]LogConfig: Setting CVar [[r.DOF.Recombine.Quality:1                ; cheap slight out of focus]]
[2019.06.11-03.49.42:436][  0]LogConfig: Setting CVar [[r.DOF.Recombine.EnableBokehSettings:0    ; no bokeh simulation on slight out of focus]]
[2019.06.11-03.49.42:436][  0]LogConfig: Setting CVar [[r.DOF.TemporalAAQuality:1                ; more stable temporal accumulation]]
[2019.06.11-03.49.42:436][  0]LogConfig: Setting CVar [[r.DOF.Kernel.MaxForegroundRadius:0.025]]
[2019.06.11-03.49.42:436][  0]LogConfig: Setting CVar [[r.DOF.Kernel.MaxBackgroundRadius:0.025]]
[2019.06.11-03.49.42:436][  0]LogConfig: Applying CVar settings from Section [TextureQuality@3] File [C:/Users/blifson/Documents/Unreal Projects/Magnet/WestBattleAndCinematicsGit/Unreal/MagnetCave/Saved/Config/Windows/Scalability.ini]
[2019.06.11-03.49.42:436][  0]LogConfig: Setting CVar [[r.Streaming.MipBias:0]]
[2019.06.11-03.49.42:436][  0]LogConfig: Setting CVar [[r.Streaming.AmortizeCPUToGPUCopy:0]]
[2019.06.11-03.49.42:436][  0]LogConfig: Setting CVar [[r.Streaming.MaxNumTexturesToStreamPerFrame:0]]
[2019.06.11-03.49.42:436][  0]LogConfig: Setting CVar [[r.Streaming.Boost:1]]
[2019.06.11-03.49.42:436][  0]LogConfig: Setting CVar [[r.MaxAnisotropy:8]]
[2019.06.11-03.49.42:436][  0]LogConfig: Setting CVar [[r.Streaming.LimitPoolSizeToVRAM:0]]
[2019.06.11-03.49.42:436][  0]LogConfig: Setting CVar [[r.Streaming.PoolSize:1000]]
[2019.06.11-03.49.42:436][  0]LogConfig: Setting CVar [[r.Streaming.MaxEffectiveScreenSize:0]]
[2019.06.11-03.49.42:436][  0]LogConfig: Applying CVar settings from Section [EffectsQuality@3] File [C:/Users/blifson/Documents/Unreal Projects/Magnet/WestBattleAndCinematicsGit/Unreal/MagnetCave/Saved/Config/Windows/Scalability.ini]
[2019.06.11-03.49.42:436][  0]LogConfig: Setting CVar [[r.TranslucencyLightingVolumeDim:64]]
[2019.06.11-03.49.42:436][  0]LogConfig: Setting CVar [[r.RefractionQuality:2]]
[2019.06.11-03.49.42:436][  0]LogConfig: Setting CVar [[r.SSR.Quality:3]]
[2019.06.11-03.49.42:436][  0]LogConfig: Setting CVar [[r.SceneColorFormat:4]]
[2019.06.11-03.49.42:436][  0]LogConfig: Setting CVar [[r.DetailMode:2]]
[2019.06.11-03.49.42:436][  0]LogConfig: Setting CVar [[r.TranslucencyVolumeBlur:1]]
[2019.06.11-03.49.42:436][  0]LogConfig: Setting CVar [[r.MaterialQualityLevel:1 ; High quality]]
[2019.06.11-03.49.42:436][  0]LogConfig: Setting CVar [[r.SSS.Scale:1]]
[2019.06.11-03.49.42:436][  0]LogConfig: Setting CVar [[r.SSS.SampleSet:2]]
[2019.06.11-03.49.42:436][  0]LogConfig: Setting CVar [[r.SSS.Quality:1]]
[2019.06.11-03.49.42:436][  0]LogConfig: Setting CVar [[r.SSS.HalfRes:1]]
[2019.06.11-03.49.42:436][  0]LogConfig: Setting CVar [[r.EmitterSpawnRateScale:1.0]]
[2019.06.11-03.49.42:436][  0]LogConfig: Setting CVar [[r.ParticleLightQuality:2]]
[2019.06.11-03.49.42:436][  0]LogConfig: Applying CVar settings from Section [FoliageQuality@3] File [C:/Users/blifson/Documents/Unreal Projects/Magnet/WestBattleAndCinematicsGit/Unreal/MagnetCave/Saved/Config/Windows/Scalability.ini]
[2019.06.11-03.49.42:436][  0]LogConfig: Setting CVar [[foliage.DensityScale:1.0]]
[2019.06.11-03.49.42:436][  0]LogConfig: Setting CVar [[grass.DensityScale:1.0]]
[2019.06.11-03.49.42:436][  0]LogInit: Selected Device Profile: [Windows]
[2019.06.11-03.49.42:436][  0]LogInit: Applying CVar settings loaded from the selected device profile: [Windows]
[2019.06.11-03.49.42:460][  0]LogHAL: Display: Platform has ~ 8 GB [8538255360 / 8589934592 / 8], which maps to Default [LargestMinGB=32, LargerMinGB=12, DefaultMinGB=8, SmallerMinGB=6, SmallestMinGB=0)
[2019.06.11-03.49.42:460][  0]LogConfig: Setting CVar [[r.Vulkan.UseRealUBs:0		; Required until we fix HLR fall-out]]
[2019.06.11-03.49.42:460][  0]LogInit: Going up to parent DeviceProfile []
[2019.06.11-03.49.42:460][  0]LogConfig: Applying CVar settings from Section [ViewDistanceQuality@3] File [C:/Users/blifson/Documents/Unreal Projects/Magnet/WestBattleAndCinematicsGit/Unreal/MagnetCave/Saved/Config/Windows/Scalability.ini]
[2019.06.11-03.49.42:460][  0]LogConfig: Setting CVar [[r.SkeletalMeshLODBias:0]]
[2019.06.11-03.49.42:460][  0]LogConfig: Setting CVar [[r.ViewDistanceScale:1.0]]
[2019.06.11-03.49.42:460][  0]LogConfig: Applying CVar settings from Section [AntiAliasingQuality@3] File [C:/Users/blifson/Documents/Unreal Projects/Magnet/WestBattleAndCinematicsGit/Unreal/MagnetCave/Saved/Config/Windows/Scalability.ini]
[2019.06.11-03.49.42:460][  0]LogConfig: Setting CVar [[r.PostProcessAAQuality:4]]
[2019.06.11-03.49.42:460][  0]LogConfig: Applying CVar settings from Section [ShadowQuality@3] File [C:/Users/blifson/Documents/Unreal Projects/Magnet/WestBattleAndCinematicsGit/Unreal/MagnetCave/Saved/Config/Windows/Scalability.ini]
[2019.06.11-03.49.42:460][  0]LogConfig: Setting CVar [[r.LightFunctionQuality:1]]
[2019.06.11-03.49.42:460][  0]LogConfig: Setting CVar [[r.ShadowQuality:5]]
[2019.06.11-03.49.42:460][  0]LogConfig: Setting CVar [[r.Shadow.CSM.MaxCascades:10]]
[2019.06.11-03.49.42:460][  0]LogConfig: Setting CVar [[r.Shadow.MaxResolution:2048]]
[2019.06.11-03.49.42:460][  0]LogConfig: Setting CVar [[r.Shadow.MaxCSMResolution:2048]]
[2019.06.11-03.49.42:460][  0]LogConfig: Setting CVar [[r.Shadow.RadiusThreshold:0.01]]
[2019.06.11-03.49.42:460][  0]LogConfig: Setting CVar [[r.Shadow.DistanceScale:1.0]]
[2019.06.11-03.49.42:461][  0]LogConfig: Setting CVar [[r.Shadow.CSM.TransitionScale:1.0]]
[2019.06.11-03.49.42:461][  0]LogConfig: Setting CVar [[r.Shadow.PreShadowResolutionFactor:1.0]]
[2019.06.11-03.49.42:461][  0]LogConfig: Setting CVar [[r.DistanceFieldShadowing:1]]
[2019.06.11-03.49.42:461][  0]LogConfig: Setting CVar [[r.DistanceFieldAO:1]]
[2019.06.11-03.49.42:461][  0]LogConfig: Setting CVar [[r.AOQuality:2]]
[2019.06.11-03.49.42:461][  0]LogConfig: Setting CVar [[r.VolumetricFog:1]]
[2019.06.11-03.49.42:461][  0]LogConfig: Setting CVar [[r.VolumetricFog.GridPixelSize:8]]
[2019.06.11-03.49.42:461][  0]LogConfig: Setting CVar [[r.VolumetricFog.GridSizeZ:128]]
[2019.06.11-03.49.42:461][  0]LogConfig: Setting CVar [[r.VolumetricFog.HistoryMissSupersampleCount:4]]
[2019.06.11-03.49.42:461][  0]LogConfig: Setting CVar [[r.LightMaxDrawDistanceScale:1]]
[2019.06.11-03.49.42:461][  0]LogConfig: Setting CVar [[r.CapsuleShadows:1]]
[2019.06.11-03.49.42:461][  0]LogConfig: Applying CVar settings from Section [PostProcessQuality@3] File [C:/Users/blifson/Documents/Unreal Projects/Magnet/WestBattleAndCinematicsGit/Unreal/MagnetCave/Saved/Config/Windows/Scalability.ini]
[2019.06.11-03.49.42:461][  0]LogConfig: Setting CVar [[r.MotionBlurQuality:4]]
[2019.06.11-03.49.42:461][  0]LogConfig: Setting CVar [[r.AmbientOcclusionMipLevelFactor:0.4]]
[2019.06.11-03.49.42:461][  0]LogConfig: Setting CVar [[r.AmbientOcclusionMaxQuality:100]]
[2019.06.11-03.49.42:461][  0]LogConfig: Setting CVar [[r.AmbientOcclusionLevels:-1]]
[2019.06.11-03.49.42:461][  0]LogConfig: Setting CVar [[r.AmbientOcclusionRadiusScale:1.0]]
[2019.06.11-03.49.42:461][  0]LogConfig: Setting CVar [[r.DepthOfFieldQuality:2]]
[2019.06.11-03.49.42:461][  0]LogConfig: Setting CVar [[r.RenderTargetPoolMin:400]]
[2019.06.11-03.49.42:461][  0]LogConfig: Setting CVar [[r.LensFlareQuality:2]]
[2019.06.11-03.49.42:461][  0]LogConfig: Setting CVar [[r.SceneColorFringeQuality:1]]
[2019.06.11-03.49.42:461][  0]LogConfig: Setting CVar [[r.EyeAdaptationQuality:2]]
[2019.06.11-03.49.42:461][  0]LogConfig: Setting CVar [[r.BloomQuality:5]]
[2019.06.11-03.49.42:461][  0]LogConfig: Setting CVar [[r.FastBlurThreshold:100]]
[2019.06.11-03.49.42:461][  0]LogConfig: Setting CVar [[r.Upscale.Quality:3]]
[2019.06.11-03.49.42:461][  0]LogConfig: Setting CVar [[r.Tonemapper.GrainQuantization:1]]
[2019.06.11-03.49.42:461][  0]LogConfig: Setting CVar [[r.LightShaftQuality:1]]
[2019.06.11-03.49.42:461][  0]LogConfig: Setting CVar [[r.Filter.SizeScale:1]]
[2019.06.11-03.49.42:461][  0]LogConfig: Setting CVar [[r.Tonemapper.Quality:5]]
[2019.06.11-03.49.42:461][  0]LogConfig: Setting CVar [[r.DOF.Gather.AccumulatorQuality:1        ; higher gathering accumulator quality]]
[2019.06.11-03.49.42:461][  0]LogConfig: Setting CVar [[r.DOF.Gather.PostfilterMethod:1          ; Median3x3 postfilering method]]
[2019.06.11-03.49.42:461][  0]LogConfig: Setting CVar [[r.DOF.Gather.EnableBokehSettings:0       ; no bokeh simulation when gathering]]
[2019.06.11-03.49.42:461][  0]LogConfig: Setting CVar [[r.DOF.Gather.RingCount:4                 ; medium number of samples when gathering]]
[2019.06.11-03.49.42:461][  0]LogConfig: Setting CVar [[r.DOF.Scatter.ForegroundCompositing:1    ; additive foreground scattering]]
[2019.06.11-03.49.42:461][  0]LogConfig: Setting CVar [[r.DOF.Scatter.BackgroundCompositing:2    ; additive background scattering]]
[2019.06.11-03.49.42:461][  0]LogConfig: Setting CVar [[r.DOF.Scatter.EnableBokehSettings:1      ; bokeh simulation when scattering]]
[2019.06.11-03.49.42:461][  0]LogConfig: Setting CVar [[r.DOF.Scatter.MaxSpriteRatio:0.1         ; only a maximum of 10% of scattered bokeh]]
[2019.06.11-03.49.42:461][  0]LogConfig: Setting CVar [[r.DOF.Recombine.Quality:1                ; cheap slight out of focus]]
[2019.06.11-03.49.42:461][  0]LogConfig: Setting CVar [[r.DOF.Recombine.EnableBokehSettings:0    ; no bokeh simulation on slight out of focus]]
[2019.06.11-03.49.42:461][  0]LogConfig: Setting CVar [[r.DOF.TemporalAAQuality:1                ; more stable temporal accumulation]]
[2019.06.11-03.49.42:461][  0]LogConfig: Setting CVar [[r.DOF.Kernel.MaxForegroundRadius:0.025]]
[2019.06.11-03.49.42:461][  0]LogConfig: Setting CVar [[r.DOF.Kernel.MaxBackgroundRadius:0.025]]
[2019.06.11-03.49.42:461][  0]LogConfig: Applying CVar settings from Section [TextureQuality@3] File [C:/Users/blifson/Documents/Unreal Projects/Magnet/WestBattleAndCinematicsGit/Unreal/MagnetCave/Saved/Config/Windows/Scalability.ini]
[2019.06.11-03.49.42:461][  0]LogConfig: Setting CVar [[r.Streaming.MipBias:0]]
[2019.06.11-03.49.42:461][  0]LogConfig: Setting CVar [[r.Streaming.AmortizeCPUToGPUCopy:0]]
[2019.06.11-03.49.42:461][  0]LogConfig: Setting CVar [[r.Streaming.MaxNumTexturesToStreamPerFrame:0]]
[2019.06.11-03.49.42:461][  0]LogConfig: Setting CVar [[r.Streaming.Boost:1]]
[2019.06.11-03.49.42:461][  0]LogConfig: Setting CVar [[r.MaxAnisotropy:8]]
[2019.06.11-03.49.42:461][  0]LogConfig: Setting CVar [[r.Streaming.LimitPoolSizeToVRAM:0]]
[2019.06.11-03.49.42:461][  0]LogConfig: Setting CVar [[r.Streaming.PoolSize:1000]]
[2019.06.11-03.49.42:461][  0]LogConfig: Setting CVar [[r.Streaming.MaxEffectiveScreenSize:0]]
[2019.06.11-03.49.42:461][  0]LogConfig: Applying CVar settings from Section [EffectsQuality@3] File [C:/Users/blifson/Documents/Unreal Projects/Magnet/WestBattleAndCinematicsGit/Unreal/MagnetCave/Saved/Config/Windows/Scalability.ini]
[2019.06.11-03.49.42:461][  0]LogConfig: Setting CVar [[r.TranslucencyLightingVolumeDim:64]]
[2019.06.11-03.49.42:461][  0]LogConfig: Setting CVar [[r.RefractionQuality:2]]
[2019.06.11-03.49.42:461][  0]LogConfig: Setting CVar [[r.SSR.Quality:3]]
[2019.06.11-03.49.42:461][  0]LogConfig: Setting CVar [[r.SceneColorFormat:4]]
[2019.06.11-03.49.42:461][  0]LogConfig: Setting CVar [[r.DetailMode:2]]
[2019.06.11-03.49.42:461][  0]LogConfig: Setting CVar [[r.TranslucencyVolumeBlur:1]]
[2019.06.11-03.49.42:461][  0]LogConfig: Setting CVar [[r.MaterialQualityLevel:1 ; High quality]]
[2019.06.11-03.49.42:461][  0]LogConfig: Setting CVar [[r.SSS.Scale:1]]
[2019.06.11-03.49.42:461][  0]LogConfig: Setting CVar [[r.SSS.SampleSet:2]]
[2019.06.11-03.49.42:461][  0]LogConfig: Setting CVar [[r.SSS.Quality:1]]
[2019.06.11-03.49.42:461][  0]LogConfig: Setting CVar [[r.SSS.HalfRes:1]]
[2019.06.11-03.49.42:462][  0]LogConfig: Setting CVar [[r.EmitterSpawnRateScale:1.0]]
[2019.06.11-03.49.42:462][  0]LogConfig: Setting CVar [[r.ParticleLightQuality:2]]
[2019.06.11-03.49.42:462][  0]LogConfig: Applying CVar settings from Section [FoliageQuality@3] File [C:/Users/blifson/Documents/Unreal Projects/Magnet/WestBattleAndCinematicsGit/Unreal/MagnetCave/Saved/Config/Windows/Scalability.ini]
[2019.06.11-03.49.42:462][  0]LogConfig: Setting CVar [[foliage.DensityScale:1.0]]
[2019.06.11-03.49.42:462][  0]LogConfig: Setting CVar [[grass.DensityScale:1.0]]
[2019.06.11-03.49.42:462][  0]LogConfig: Applying CVar settings from Section [Startup] File [../../../Engine/Config/ConsoleVariables.ini]
[2019.06.11-03.49.42:462][  0]LogConfig: Setting CVar [[net.UseAdaptiveNetUpdateFrequency:0]]
[2019.06.11-03.49.42:462][  0]LogConfig: Setting CVar [[p.chaos.AllowCreatePhysxBodies:1]]
[2019.06.11-03.49.42:462][  0]LogConfig: Applying CVar settings from Section [ConsoleVariables] File [C:/Users/blifson/Documents/Unreal Projects/Magnet/WestBattleAndCinematicsGit/Unreal/MagnetCave/Saved/Config/Windows/Engine.ini]
[2019.06.11-03.49.42:462][  0]LogInit: Computer: DARKTOP
[2019.06.11-03.49.42:462][  0]LogInit: User: blifson
[2019.06.11-03.49.42:462][  0]LogInit: CPU Page size=4096, Cores=4
[2019.06.11-03.49.42:462][  0]LogInit: High frequency timer resolution =3.897231 MHz
[2019.06.11-03.49.42:462][  0]LogMemory: Memory total: Physical=8.0GB (8GB approx)
[2019.06.11-03.49.42:462][  0]LogMemory: Platform Memory Stats for Windows
[2019.06.11-03.49.42:462][  0]LogMemory: Process Physical Memory: 98.62 MB used, 98.62 MB peak
[2019.06.11-03.49.42:462][  0]LogMemory: Process Virtual Memory: 96.00 MB used, 96.00 MB peak
[2019.06.11-03.49.42:462][  0]LogMemory: Physical Memory: 3771.56 MB used,  4371.15 MB free, 8142.71 MB total
[2019.06.11-03.49.42:462][  0]LogMemory: Virtual Memory: 4666.16 MB used,  134213064.00 MB free, 134217728.00 MB total
[2019.06.11-03.49.42:481][  0]LogInit: Using OS detected language (en-US).
[2019.06.11-03.49.42:481][  0]LogInit: Using OS detected locale (en-US).
[2019.06.11-03.49.42:481][  0]LogTextLocalizationManager: No specific localization for 'en-US' exists, so the 'en' localization will be used.
[2019.06.11-03.49.42:623][  0]LogInit: Setting process to per monitor DPI aware
[2019.06.11-03.49.42:649][  0]LogSlate: New Slate User Created.  User Index 0, Is Virtual User: 0
[2019.06.11-03.49.42:649][  0]LogSlate: Slate User Registered.  User Index 0, Is Virtual User: 0
[2019.06.11-03.49.42:805][  0]LogHMD: Failed to initialize OpenVR with code 110
[2019.06.11-03.49.42:805][  0]LogD3D11RHI: D3D11 adapters:
[2019.06.11-03.49.42:849][  0]LogD3D11RHI:    0. 'NVIDIA GeForce GTX 960' (Feature Level 11_0)
[2019.06.11-03.49.42:849][  0]LogD3D11RHI:       2016/0/4071 MB DedicatedVideo/DedicatedSystem/SharedSystem, Outputs:1, VendorId:0x10de
[2019.06.11-03.49.42:850][  0]LogD3D11RHI:    1. 'Microsoft Basic Render Driver' (Feature Level 11_0)
[2019.06.11-03.49.42:850][  0]LogD3D11RHI:       0/0/4071 MB DedicatedVideo/DedicatedSystem/SharedSystem, Outputs:0, VendorId:0x1414
[2019.06.11-03.49.42:850][  0]LogD3D11RHI: Chosen D3D11 Adapter: 0
[2019.06.11-03.49.42:855][  0]LogD3D11RHI: Creating new Direct3DDevice
[2019.06.11-03.49.42:855][  0]LogD3D11RHI:     GPU DeviceId: 0x1401 (for the marketing name, search the web for "GPU Device Id")
[2019.06.11-03.49.42:855][  0]LogWindows: EnumDisplayDevices:
[2019.06.11-03.49.42:855][  0]LogWindows:    0. 'NVIDIA GeForce GTX 960' (P:1 D:1)
[2019.06.11-03.49.42:855][  0]LogWindows:    1. 'NVIDIA GeForce GTX 960' (P:0 D:0)
[2019.06.11-03.49.42:856][  0]LogWindows:    2. 'NVIDIA GeForce GTX 960' (P:0 D:0)
[2019.06.11-03.49.42:856][  0]LogWindows:    3. 'NVIDIA GeForce GTX 960' (P:0 D:0)
[2019.06.11-03.49.42:856][  0]LogWindows: DebugString: FoundDriverCount:4 
[2019.06.11-03.49.42:856][  0]LogD3D11RHI:     Adapter Name: NVIDIA GeForce GTX 960
[2019.06.11-03.49.42:856][  0]LogD3D11RHI:   Driver Version: 388.13 (internal:23.21.13.8813, unified:388.13)
[2019.06.11-03.49.42:856][  0]LogD3D11RHI:      Driver Date: 10-27-2017
[2019.06.11-03.49.42:856][  0]LogRHI: Texture pool is 1411 MB (70% of 2016 MB)
[2019.06.11-03.49.42:880][  0]LogD3D11RHI: Async texture creation enabled
[2019.06.11-03.49.42:883][  0]LogRendererCore: FGlobalReadBuffer::InitRHI
[2019.06.11-03.49.42:883][  0]LogRendererCore: FGlobalReadBuffer::InitRHI
[2019.06.11-03.49.42:883][  0]LogRendererCore: FGlobalReadBuffer::InitRHI
[2019.06.11-03.49.42:890][  0]LogD3D11RHI: GPU Timing Frequency: 1000.000000 (Debug: 2 1)
[2019.06.11-03.49.43:548][  0]LogTemp: Display: Module 'AllDesktopTargetPlatform' loaded TargetPlatform 'AllDesktop'
[2019.06.11-03.49.43:560][  0]LogTemp: Display: Module 'MacClientTargetPlatform' loaded TargetPlatform 'MacClient'
[2019.06.11-03.49.43:574][  0]LogTemp: Display: Module 'MacNoEditorTargetPlatform' loaded TargetPlatform 'MacNoEditor'
[2019.06.11-03.49.43:586][  0]LogTemp: Display: Module 'MacServerTargetPlatform' loaded TargetPlatform 'MacServer'
[2019.06.11-03.49.43:598][  0]LogTemp: Display: Module 'MacTargetPlatform' loaded TargetPlatform 'Mac'
[2019.06.11-03.49.43:610][  0]LogTemp: Display: Module 'WindowsClientTargetPlatform' loaded TargetPlatform 'WindowsClient'
[2019.06.11-03.49.43:622][  0]LogTemp: Display: Module 'WindowsNoEditorTargetPlatform' loaded TargetPlatform 'WindowsNoEditor'
[2019.06.11-03.49.43:634][  0]LogTemp: Display: Module 'WindowsServerTargetPlatform' loaded TargetPlatform 'WindowsServer'
[2019.06.11-03.49.43:640][  0]LogTemp: Display: Module 'WindowsTargetPlatform' loaded TargetPlatform 'Windows'
[2019.06.11-03.49.43:709][  0]LogTemp: Display: Module 'AndroidTargetPlatform' loaded TargetPlatform 'Android'
[2019.06.11-03.49.43:709][  0]LogTemp: Display: Module 'AndroidTargetPlatform' loaded TargetPlatform 'Android_ASTC'
[2019.06.11-03.49.43:709][  0]LogTemp: Display: Module 'AndroidTargetPlatform' loaded TargetPlatform 'Android_ATC'
[2019.06.11-03.49.43:709][  0]LogTemp: Display: Module 'AndroidTargetPlatform' loaded TargetPlatform 'Android_DXT'
[2019.06.11-03.49.43:709][  0]LogTemp: Display: Module 'AndroidTargetPlatform' loaded TargetPlatform 'Android_ETC1'
[2019.06.11-03.49.43:709][  0]LogTemp: Display: Module 'AndroidTargetPlatform' loaded TargetPlatform 'Android_ETC1a'
[2019.06.11-03.49.43:709][  0]LogTemp: Display: Module 'AndroidTargetPlatform' loaded TargetPlatform 'Android_ETC2'
[2019.06.11-03.49.43:709][  0]LogTemp: Display: Module 'AndroidTargetPlatform' loaded TargetPlatform 'Android_PVRTC'
[2019.06.11-03.49.43:709][  0]LogTemp: Display: Module 'AndroidTargetPlatform' loaded TargetPlatform 'AndroidClient'
[2019.06.11-03.49.43:709][  0]LogTemp: Display: Module 'AndroidTargetPlatform' loaded TargetPlatform 'Android_ASTCClient'
[2019.06.11-03.49.43:709][  0]LogTemp: Display: Module 'AndroidTargetPlatform' loaded TargetPlatform 'Android_ATCClient'
[2019.06.11-03.49.43:709][  0]LogTemp: Display: Module 'AndroidTargetPlatform' loaded TargetPlatform 'Android_DXTClient'
[2019.06.11-03.49.43:709][  0]LogTemp: Display: Module 'AndroidTargetPlatform' loaded TargetPlatform 'Android_ETC1Client'
[2019.06.11-03.49.43:709][  0]LogTemp: Display: Module 'AndroidTargetPlatform' loaded TargetPlatform 'Android_ETC1aClient'
[2019.06.11-03.49.43:709][  0]LogTemp: Display: Module 'AndroidTargetPlatform' loaded TargetPlatform 'Android_ETC2Client'
[2019.06.11-03.49.43:709][  0]LogTemp: Display: Module 'AndroidTargetPlatform' loaded TargetPlatform 'Android_PVRTCClient'
[2019.06.11-03.49.43:709][  0]LogTemp: Display: Module 'AndroidTargetPlatform' loaded TargetPlatform 'Android_Multi'
[2019.06.11-03.49.43:709][  0]LogTemp: Display: Module 'AndroidTargetPlatform' loaded TargetPlatform 'Android_MultiClient'
[2019.06.11-03.49.43:711][  0]LogTemp: Display: Module 'HTML5TargetPlatform' loaded TargetPlatform 'HTML5'
[2019.06.11-03.49.43:757][  0]LogTemp: Display: Module 'IOSTargetPlatform' loaded TargetPlatform 'IOSClient'
[2019.06.11-03.49.43:757][  0]LogTemp: Display: Module 'IOSTargetPlatform' loaded TargetPlatform 'IOS'
[2019.06.11-03.49.43:801][  0]LogTemp: Display: Module 'TVOSTargetPlatform' loaded TargetPlatform 'TVOSClient'
[2019.06.11-03.49.43:801][  0]LogTemp: Display: Module 'TVOSTargetPlatform' loaded TargetPlatform 'TVOS'
[2019.06.11-03.49.43:815][  0]LogTemp: Display: Module 'LinuxClientTargetPlatform' loaded TargetPlatform 'LinuxClient'
[2019.06.11-03.49.43:827][  0]LogTemp: Display: Module 'LinuxNoEditorTargetPlatform' loaded TargetPlatform 'LinuxNoEditor'
[2019.06.11-03.49.43:841][  0]LogTemp: Display: Module 'LinuxServerTargetPlatform' loaded TargetPlatform 'LinuxServer'
[2019.06.11-03.49.43:855][  0]LogTemp: Display: Module 'LinuxTargetPlatform' loaded TargetPlatform 'Linux'
[2019.06.11-03.49.43:894][  0]LogTemp: Display: Module 'LuminTargetPlatform' loaded TargetPlatform 'Lumin'
[2019.06.11-03.49.43:894][  0]LogTemp: Display: Module 'LuminTargetPlatform' loaded TargetPlatform 'LuminClient'
[2019.06.11-03.49.43:895][  0]LogTargetPlatformManager: Display: Building Assets For Windows
[2019.06.11-03.49.43:902][  0]LogAudioDebug: Display: Lib vorbis DLL was dynamically loaded.
[2019.06.11-03.49.43:941][  0]LogShaderCompilers: Guid format shader working directory is -62 characters bigger than the processId version (../../../../../../Users/blifson/Documents/Unreal Projects/Magnet/WestBattleAndCinematicsGit/Unreal/MagnetCave/Intermediate/Shaders/WorkingDirectory/10856/).
[2019.06.11-03.49.43:941][  0]LogShaderCompilers: Cleaned the shader compiler working directory 'C:/Users/blifson/AppData/Local/Temp/UnrealShaderWorkingDir/C89556254A0EBCFF48057686D3360E25/'.
[2019.06.11-03.49.43:943][  0]LogXGEController: Cannot use XGE Controller as Incredibuild is not installed on this machine.
[2019.06.11-03.49.43:943][  0]LogShaderCompilers: Cannot use XGE Shader Compiler as Incredibuild is not installed on this machine.
[2019.06.11-03.49.43:943][  0]LogShaderCompilers: Display: Using Local Shader Compiler.
[2019.06.11-03.49.44:436][  0]LogDerivedDataCache: Display: Max Cache Size: 512 MB
[2019.06.11-03.49.44:491][  0]LogDerivedDataCache: Loaded boot cache 0.05s 71MB C:/Users/blifson/AppData/Local/UnrealEngine/4.22/DerivedDataCache/Boot.ddc.
[2019.06.11-03.49.44:491][  0]LogDerivedDataCache: Display: Loaded Boot cache: C:/Users/blifson/AppData/Local/UnrealEngine/4.22/DerivedDataCache/Boot.ddc
[2019.06.11-03.49.44:491][  0]LogDerivedDataCache: FDerivedDataBackendGraph:  Pak pak cache file ../../../../../../Users/blifson/Documents/Unreal Projects/Magnet/WestBattleAndCinematicsGit/Unreal/MagnetCave/DerivedDataCache/DDC.ddp not found, will not use a pak cache.
[2019.06.11-03.49.44:492][  0]LogDerivedDataCache: Unable to find inner node Pak for hierarchical cache Hierarchy.
[2019.06.11-03.49.44:492][  0]LogDerivedDataCache: FDerivedDataBackendGraph:  CompressedPak pak cache file ../../../../../../Users/blifson/Documents/Unreal Projects/Magnet/WestBattleAndCinematicsGit/Unreal/MagnetCave/DerivedDataCache/Compressed.ddp not found, will not use a pak cache.
[2019.06.11-03.49.44:492][  0]LogDerivedDataCache: Unable to find inner node CompressedPak for hierarchical cache Hierarchy.
[2019.06.11-03.49.44:502][  0]LogDerivedDataCache: Display: Pak cache opened for reading ../../../Engine/DerivedDataCache/Compressed.ddp.
[2019.06.11-03.49.44:502][  0]LogDerivedDataCache: FDerivedDataBackendGraph:  EnterprisePak pak cache file ../../../Enterprise/DerivedDataCache/Compressed.ddp not found, will not use a pak cache.
[2019.06.11-03.49.44:502][  0]LogDerivedDataCache: Unable to find inner node EnterprisePak for hierarchical cache Hierarchy.
[2019.06.11-03.49.44:514][  0]LogDerivedDataCache: Using Local data cache path C:/Users/blifson/AppData/Local/UnrealEngine/Common/DerivedDataCache: Writable
[2019.06.11-03.49.44:514][  0]LogDerivedDataCache: Shared data cache path not found in *engine.ini, will not use an Shared cache.
[2019.06.11-03.49.44:514][  0]LogDerivedDataCache: Unable to find inner node Shared for hierarchical cache Hierarchy.
[2019.06.11-03.49.44:532][  0]LogMaterial: Verifying Global Shaders for PCD3D_SM5
[2019.06.11-03.49.44:533][  0]LogSlate: Using FreeType 2.6.0
[2019.06.11-03.49.44:533][  0]LogSlate: SlateFontServices - WITH_FREETYPE: 1, WITH_HARFBUZZ: 1
[2019.06.11-03.49.44:607][  0]LogAssetRegistry: FAssetRegistry took 0.0325 seconds to start up
[2019.06.11-03.49.44:878][  0]LogInit: Selected Device Profile: [Windows]
[2019.06.11-03.49.44:990][  0]LogMeshReduction: Using QuadricMeshReduction for automatic static mesh reduction
[2019.06.11-03.49.44:990][  0]LogMeshReduction: Using SimplygonMeshReduction for automatic skeletal mesh reduction
[2019.06.11-03.49.44:990][  0]LogMeshReduction: Using ProxyLODMeshReduction for automatic mesh merging
[2019.06.11-03.49.44:990][  0]LogMeshReduction: No distributed automatic mesh merging module available
[2019.06.11-03.49.44:990][  0]LogMeshMerging: No distributed automatic mesh merging module available
[2019.06.11-03.49.44:999][  0]LogNetVersion: MagnetCave 1.0.0, NetCL: 5660361, EngineNetVer: 10, GameNetVer: 0 (Checksum: 3769852046)
[2019.06.11-03.49.45:332][  0]LogPackageLocalizationCache: Processed 10 localized package path(s) for 1 prioritized culture(s) in 0.037552 seconds
[2019.06.11-03.49.45:337][  0]LogUObjectArray: 42205 objects as part of root set at end of initial load.
[2019.06.11-03.49.45:337][  0]LogUObjectAllocator: 7325032 out of 0 bytes used by permanent object pool.
[2019.06.11-03.49.45:337][  0]LogUObjectArray: CloseDisregardForGC: 0/0 objects in disregard for GC pool
[2019.06.11-03.49.46:050][  0]LogTcpMessaging: Initializing TcpMessaging bridge
[2019.06.11-03.49.46:064][  0]LogUdpMessaging: Initializing bridge on interface 0.0.0.0:0 to multicast group 230.0.0.1:6666.
[2019.06.11-03.49.46:204][  0]SourceControl: Source control is disabled
[2019.06.11-03.49.46:204][  0]SourceControl: Source control is disabled
[2019.06.11-03.49.46:205][  0]SourceControl: Source control is disabled
[2019.06.11-03.49.46:206][  0]SourceControl: Source control is disabled
[2019.06.11-03.49.46:266][  0]LogAndroidPermission: UAndroidPermissionCallbackProxy::GetInstance
[2019.06.11-03.49.46:314][  0]LogOcInput: OculusInput pre-init called
[2019.06.11-03.49.46:910][  0]LogEngine: Initializing Engine...
[2019.06.11-03.49.46:911][  0]LogHMD: Failed to initialize OpenVR with code 110
[2019.06.11-03.49.46:912][  0]LogStats: UGameplayTagsManager::InitializeManager -  0.000 s
[2019.06.11-03.49.47:095][  0]LogInit: Initializing FReadOnlyCVARCache
[2019.06.11-03.49.47:111][  0]LogAIModule: Creating AISystem for world Untitled
[2019.06.11-03.49.47:127][  0]LogInit: XAudio2 using 'SAMSUNG-8 (NVIDIA High Definition Audio)' : 2 channels at 48 kHz using 16 bits per sample (channel mask 0x3)
[2019.06.11-03.49.47:145][  0]LogInit: FAudioDevice initialized.
[2019.06.11-03.49.47:145][  0]LogNetVersion: Set ProjectVersion to 1.0.0.0. Version Checksum will be recalculated on next use.
[2019.06.11-03.49.47:371][  0]LogDerivedDataCache: Saved boot cache 0.23s 71MB C:/Users/blifson/AppData/Local/UnrealEngine/4.22/DerivedDataCache/Boot.ddc.
[2019.06.11-03.49.47:404][  0]LogInit: Texture streaming: Enabled
[2019.06.11-03.49.47:439][  0]LogEngineSessionManager: EngineSessionManager initialized
[2019.06.11-03.49.47:462][  0]LogInit: Transaction tracking system initialized
[2019.06.11-03.49.47:504][  0]BlueprintLog: New page: Editor Load
[2019.06.11-03.49.47:621][  0]LocalizationService: Localization service is disabled
[2019.06.11-03.49.47:878][  0]LogCook: Display: Max memory allowance for cook 16384mb min free memory 0mb
[2019.06.11-03.49.47:878][  0]LogCook: Display: Mobile HDR setting 1
[2019.06.11-03.49.48:035][  0]LogFileCache: Scanning file cache for directory 'C:/Users/blifson/Documents/Unreal Projects/Magnet/WestBattleAndCinematicsGit/Unreal/MagnetCave/Content/' took 0.05s
[2019.06.11-03.49.48:035][  0]SourceControl: Source control is disabled
[2019.06.11-03.49.48:035][  0]LightingResults: New page: Lighting Build
[2019.06.11-03.49.48:037][  0]MapCheck: New page: Map Check
[2019.06.11-03.49.48:037][  0]LightingResults: New page: Lighting Build
[2019.06.11-03.49.48:055][  0]LogUObjectHash: Compacting FUObjectHashTables data took   1.42ms
[2019.06.11-03.49.48:838][  0]LogAIModule: Creating AISystem for world TestLevel03
[2019.06.11-03.49.48:850][  0]LogEditorServer: Finished looking for orphan Actors (0.000 secs)
[2019.06.11-03.49.48:880][  0]LogUObjectHash: Compacting FUObjectHashTables data took   2.10ms
[2019.06.11-03.49.48:881][  0]Cmd: MAP CHECKDEP NOCLEARLOG
[2019.06.11-03.49.48:881][  0]MapCheck: Map check complete: 0 Error(s), 0 Warning(s), took 0.174ms to complete.
[2019.06.11-03.49.48:881][  0]LogFileHelpers: Loading map 'TestLevel03' took 0.846
[2019.06.11-03.49.49:104][  0]LogSlate: Updating window title bar state: overlay mode, drag disabled, window buttons hidden, title bar hidden
[2019.06.11-03.49.49:131][  0]LogSlate: Updating window title bar state: overlay mode, drag disabled, window buttons hidden, title bar hidden
[2019.06.11-03.49.49:142][  0]LogSlate: Updating window title bar state: overlay mode, drag disabled, window buttons hidden, title bar hidden
[2019.06.11-03.49.49:153][  0]LogSlate: Updating window title bar state: overlay mode, drag disabled, window buttons hidden, title bar hidden
[2019.06.11-03.49.49:164][  0]LogCollectionManager: Loaded 0 collections in 0.003102 seconds
[2019.06.11-03.49.49:182][  0]LogFileCache: Scanning file cache for directory 'C:/Users/blifson/Documents/Unreal Projects/Magnet/WestBattleAndCinematicsGit/Unreal/MagnetCave/Saved/Collections/' took 0.01s
[2019.06.11-03.49.49:182][  0]LogFileCache: Scanning file cache for directory 'C:/Users/blifson/Documents/Unreal Projects/Magnet/WestBattleAndCinematicsGit/Unreal/MagnetCave/Content/Developers/blifson/Collections/' took 0.00s
[2019.06.11-03.49.49:182][  0]LogFileCache: Scanning file cache for directory 'C:/Users/blifson/Documents/Unreal Projects/Magnet/WestBattleAndCinematicsGit/Unreal/MagnetCave/Content/Collections/' took 0.00s
[2019.06.11-03.49.49:182][  0]LogCollectionManager: Rebuilt the GUID cache for 0 collections in 0.000000 seconds
[2019.06.11-03.49.49:195][  0]LogContentBrowser: Native class hierarchy populated in 0.0128 seconds. Added 2732 classes and 659 folders.
[2019.06.11-03.49.49:205][  0]LogContentBrowser: Native class hierarchy updated for 'WidgetCarousel' in 0.0003 seconds. Added 0 classes and 0 folders.
[2019.06.11-03.49.49:383][  0]LogPakFile: Registered encryption key '00000000000000000000000000000000': 0 pak files mounted, 0 remain pending
[2019.06.11-03.49.49:385][  0]LogPakFile: Registered encryption key '00000000000000000000000000000000': 0 pak files mounted, 0 remain pending
[2019.06.11-03.49.49:387][  0]LogPakFile: Registered encryption key '00000000000000000000000000000000': 0 pak files mounted, 0 remain pending
[2019.06.11-03.49.49:389][  0]LogPakFile: Registered encryption key '00000000000000000000000000000000': 0 pak files mounted, 0 remain pending
[2019.06.11-03.49.49:390][  0]LogPakFile: Registered encryption key '00000000000000000000000000000000': 0 pak files mounted, 0 remain pending
[2019.06.11-03.49.49:392][  0]LogPakFile: Registered encryption key '00000000000000000000000000000000': 0 pak files mounted, 0 remain pending
[2019.06.11-03.49.49:394][  0]LogPakFile: Registered encryption key '00000000000000000000000000000000': 0 pak files mounted, 0 remain pending
[2019.06.11-03.49.49:396][  0]LogPakFile: Registered encryption key '00000000000000000000000000000000': 0 pak files mounted, 0 remain pending
[2019.06.11-03.49.49:397][  0]LogPakFile: Registered encryption key '00000000000000000000000000000000': 0 pak files mounted, 0 remain pending
[2019.06.11-03.49.49:399][  0]LogPakFile: Registered encryption key '00000000000000000000000000000000': 0 pak files mounted, 0 remain pending
[2019.06.11-03.49.49:400][  0]LogPakFile: Registered encryption key '00000000000000000000000000000000': 0 pak files mounted, 0 remain pending
[2019.06.11-03.49.49:401][  0]LogPakFile: Registered encryption key '00000000000000000000000000000000': 0 pak files mounted, 0 remain pending
[2019.06.11-03.49.49:402][  0]LogPakFile: Registered encryption key '00000000000000000000000000000000': 0 pak files mounted, 0 remain pending
[2019.06.11-03.49.49:403][  0]LogPakFile: Registered encryption key '00000000000000000000000000000000': 0 pak files mounted, 0 remain pending
[2019.06.11-03.49.49:404][  0]LogPakFile: Registered encryption key '00000000000000000000000000000000': 0 pak files mounted, 0 remain pending
[2019.06.11-03.49.49:405][  0]LogPakFile: Registered encryption key '00000000000000000000000000000000': 0 pak files mounted, 0 remain pending
[2019.06.11-03.49.49:406][  0]LogPakFile: Registered encryption key '00000000000000000000000000000000': 0 pak files mounted, 0 remain pending
[2019.06.11-03.49.49:407][  0]LogPakFile: Registered encryption key '00000000000000000000000000000000': 0 pak files mounted, 0 remain pending
[2019.06.11-03.49.49:407][  0]LogPakFile: Registered encryption key '00000000000000000000000000000000': 0 pak files mounted, 0 remain pending
[2019.06.11-03.49.49:408][  0]LogPakFile: Registered encryption key '00000000000000000000000000000000': 0 pak files mounted, 0 remain pending
[2019.06.11-03.49.49:409][  0]LogPakFile: Registered encryption key '00000000000000000000000000000000': 0 pak files mounted, 0 remain pending
[2019.06.11-03.49.49:410][  0]LogPakFile: Registered encryption key '00000000000000000000000000000000': 0 pak files mounted, 0 remain pending
[2019.06.11-03.49.49:411][  0]LogPakFile: Registered encryption key '00000000000000000000000000000000': 0 pak files mounted, 0 remain pending
[2019.06.11-03.49.49:412][  0]LogPakFile: Registered encryption key '00000000000000000000000000000000': 0 pak files mounted, 0 remain pending
[2019.06.11-03.49.49:413][  0]LogPakFile: Registered encryption key '00000000000000000000000000000000': 0 pak files mounted, 0 remain pending
[2019.06.11-03.49.49:414][  0]LogPakFile: Registered encryption key '00000000000000000000000000000000': 0 pak files mounted, 0 remain pending
[2019.06.11-03.49.50:518][  0]LogContentBrowser: Native class hierarchy updated for 'AddContentDialog' in 0.0009 seconds. Added 0 classes and 0 folders.
[2019.06.11-03.49.50:536][  0]LogContentBrowser: Native class hierarchy updated for 'SceneOutliner' in 0.0010 seconds. Added 1 classes and 2 folders.
[2019.06.11-03.49.52:996][  0]LogSlate: Only BGRA pngs, bmps or icos are supported in by External Image Picker
[2019.06.11-03.49.53:053][  0]LogSlate: Took 0.000334 seconds to synchronously load lazily loaded font '../../../Engine/Content/Slate/Fonts/Roboto-Regular.ttf' (155K)
[2019.06.11-03.49.53:056][  0]LogSlate: Took 0.000251 seconds to synchronously load lazily loaded font '../../../Engine/Content/Slate/Fonts/Roboto-Bold.ttf' (160K)
[2019.06.11-03.49.53:087][  0]LogSlate: Took 0.023640 seconds to synchronously load lazily loaded font '../../../Engine/Content/Editor/Slate/Fonts/FontAwesome.ttf' (139K)
[2019.06.11-03.49.53:170][  0]LogRenderer: Reallocating scene render targets to support 744x372 Format 10 NumSamples 1 (Frame:1).
[2019.06.11-03.49.53:283][  0]LogContentBrowser: Native class hierarchy updated for 'HierarchicalLODOutliner' in 0.0004 seconds. Added 0 classes and 0 folders.
[2019.06.11-03.49.53:283][  0]LogLoad: (Engine Initialization) Total time: 13.01 seconds
[2019.06.11-03.49.53:283][  0]LogLoad: (Engine Initialization) Total Blueprint compile time: 0.00 seconds
[2019.06.11-03.49.53:349][  0]LogWindowsTextInputMethodSystem: Display: IME system now deactivated.
[2019.06.11-03.49.53:410][  0]LogContentStreaming: Texture pool size now 1000 MB
[2019.06.11-03.49.53:463][  0]LogSlate: Took 0.033462 seconds to synchronously load lazily loaded font '../../../Engine/Content/Slate/Fonts/Roboto-Light.ttf' (167K)
[2019.06.11-03.49.53:491][  1]LogFileCache: Retrieving MD5 hashes for directory 'C:/Users/blifson/Documents/Unreal Projects/Magnet/WestBattleAndCinematicsGit/Unreal/MagnetCave/Content/' took 0.13s
[2019.06.11-03.49.53:522][  1]LogAssetRegistry: Asset discovery search completed in 8.9375 seconds
[2019.06.11-03.49.53:527][  1]LogCollectionManager: Rebuilt the object cache for 0 collections in 0.000001 seconds (found 0 objects)
[2019.06.11-03.49.53:527][  1]LogCollectionManager: Fixed up redirectors for 0 collections in 0.000074 seconds (updated 0 objects)
[2019.06.11-03.50.28:035][137]LogSlate: FSceneViewport::OnFocusLost() reason 0
[2019.06.11-03.50.28:151][151]LogTemp: Repeating last play command: Selected Viewport
[2019.06.11-03.50.28:168][151]LogBlueprintUserMessages: Early PlayInEditor Detection: Level '/Game/Maps/Testing/TestLevel03.TestLevel03:PersistentLevel' has LevelScriptBlueprint '/Game/Maps/Testing/TestLevel03.TestLevel03:PersistentLevel.TestLevel03' with GeneratedClass '/Game/Maps/Testing/TestLevel03.TestLevel03_C' with ClassGeneratedBy '/Game/Maps/Testing/TestLevel03.TestLevel03:PersistentLevel.TestLevel03'
[2019.06.11-03.50.28:168][151]LogPlayLevel: PlayLevel: No blueprints needed recompiling
[2019.06.11-03.50.28:169][151]PIE: New page: PIE session: TestLevel03 (Jun 10, 2019, 5:50:28 PM)
[2019.06.11-03.50.28:181][151]LogPlayLevel: Creating play world package: /Game/Maps/Testing/UEDPIE_0_TestLevel03
[2019.06.11-03.50.28:197][151]LogPlayLevel: PIE: StaticDuplicateObject took: (0.015735s)
[2019.06.11-03.50.28:198][151]LogAIModule: Creating AISystem for world TestLevel03
[2019.06.11-03.50.28:198][151]LogPlayLevel: PIE: World Init took: (0.001174s)
[2019.06.11-03.50.28:198][151]LogPlayLevel: PIE: Created PIE world by copying editor world from /Game/Maps/Testing/TestLevel03.TestLevel03 to /Game/Maps/Testing/UEDPIE_0_TestLevel03.TestLevel03 (0.017210s)
[2019.06.11-03.50.28:221][151]LogUObjectHash: Compacting FUObjectHashTables data took   0.95ms
[2019.06.11-03.50.28:226][151]LogInit: XAudio2 using 'SAMSUNG-8 (NVIDIA High Definition Audio)' : 2 channels at 48 kHz using 16 bits per sample (channel mask 0x3)
[2019.06.11-03.50.28:233][151]LogInit: FAudioDevice initialized.
[2019.06.11-03.50.30:464][151]LogLoad: Game class is 'SideScrollerGameMode_C'
[2019.06.11-03.50.30:471][151]LogWorld: Bringing World /Game/Maps/Testing/UEDPIE_0_TestLevel03.TestLevel03 up for play (max tick rate 0) at 2019.06.10-22.50.30
[2019.06.11-03.50.30:472][151]LogWorld: Bringing up level for play took: 0.003209
[2019.06.11-03.50.30:511][151]LogContentBrowser: Native class hierarchy updated for 'MovieSceneCapture' in 0.0013 seconds. Added 20 classes and 0 folders.
[2019.06.11-03.50.30:513][151]AnimBlueprintLog: Warning: SLOTNODE: 'UpperBody' in animation instance class Anim_BP_Miner_C already exists. Remove duplicates from the animation graph for this class.
[2019.06.11-03.50.30:521][151]LogBlueprintUserMessages: [SideScrollerGameMode_C_0] TestLevel03
[2019.06.11-03.50.30:526][151]PIE: Play in editor start time for /Game/Maps/Testing/UEDPIE_0_TestLevel03 2.081
[2019.06.11-03.50.30:526][151]LogBlueprintUserMessages: Late PlayInEditor Detection: Level '/Game/Maps/Testing/TestLevel03.TestLevel03:PersistentLevel' has LevelScriptBlueprint '/Game/Maps/Testing/TestLevel03.TestLevel03:PersistentLevel.TestLevel03' with GeneratedClass '/Game/Maps/Testing/TestLevel03.TestLevel03_C' with ClassGeneratedBy '/Game/Maps/Testing/TestLevel03.TestLevel03:PersistentLevel.TestLevel03'
[2019.06.11-03.50.39:806][249]LogBlueprintUserMessages: Early EndPlayMap Detection: Level '/Game/Maps/Testing/TestLevel03.TestLevel03:PersistentLevel' has LevelScriptBlueprint '/Game/Maps/Testing/TestLevel03.TestLevel03:PersistentLevel.TestLevel03' with GeneratedClass '/Game/Maps/Testing/TestLevel03.TestLevel03_C' with ClassGeneratedBy '/Game/Maps/Testing/TestLevel03.TestLevel03:PersistentLevel.TestLevel03'
[2019.06.11-03.50.39:807][249]LogSlate: Updating window title bar state: overlay mode, drag disabled, window buttons hidden, title bar hidden
[2019.06.11-03.50.39:833][249]LogPlayLevel: Display: Shutting down PIE online subsystems
[2019.06.11-03.50.39:833][249]LogBlueprintUserMessages: Late EndPlayMap Detection: Level '/Game/Maps/Testing/TestLevel03.TestLevel03:PersistentLevel' has LevelScriptBlueprint '/Game/Maps/Testing/TestLevel03.TestLevel03:PersistentLevel.TestLevel03' with GeneratedClass '/Game/Maps/Testing/TestLevel03.TestLevel03_C' with ClassGeneratedBy '/Game/Maps/Testing/TestLevel03.TestLevel03:PersistentLevel.TestLevel03'
[2019.06.11-03.50.39:855][249]LogSlate: Updating window title bar state: overlay mode, drag disabled, window buttons hidden, title bar hidden
[2019.06.11-03.50.39:863][249]LogUObjectHash: Compacting FUObjectHashTables data took   2.59ms
[2019.06.11-03.50.39:911][254]LogPlayLevel: Display: Destroying online subsystem :Context_2
[2019.06.11-03.50.41:696][468]LogSlate: FSceneViewport::OnFocusLost() reason 0
[2019.06.11-03.51.01:159][622]LogBlueprint: Warning: [Compiler GadgetPlayerCharacter] InputAction Event references unknown Action 'ResetVR' for  InputAction ResetVR
[2019.06.11-03.51.01:159][622]LogBlueprint: Warning: [Compiler GadgetPlayerCharacter] Input Axis Event references unknown Axis 'LookUpRate' for  InputAxis LookUpRate
[2019.06.11-03.51.01:160][622]LogBlueprint: Warning: [Compiler GadgetPlayerCharacter] Input Axis Event references unknown Axis 'TurnRate' for  InputAxis TurnRate
[2019.06.11-03.51.01:160][622]LogBlueprint: Warning: [Compiler GadgetPlayerCharacter] Input Axis Event references unknown Axis 'Turn' for  InputAxis Turn
[2019.06.11-03.51.01:160][622]LogBlueprint: Warning: [Compiler GadgetPlayerCharacter] Input Axis Event references unknown Axis 'MoveForward' for  InputAxis MoveForward
[2019.06.11-03.51.01:170][622]LogBlueprint: Warning: [Compiler GadgetPlayerCharacter] [0080.89] Compile of GadgetPlayerCharacter successful, but with 5 Warning(s) [in 38 ms] (/Game/ParagonGadget/Characters/Heroes/Gadget/GadgetPlayerCharacter.GadgetPlayerCharacter)
[2019.06.11-03.51.04:885][622]LogSlate: Took 0.001928 seconds to synchronously load lazily loaded font '../../../Engine/Content/Slate/Fonts/Roboto-Light.ttf' (167K)
[2019.06.11-03.51.04:900][622]LogAssetEditorManager: Opening Asset editor for Blueprint /Game/ParagonGadget/Characters/Heroes/Gadget/GadgetPlayerCharacter.GadgetPlayerCharacter
[2019.06.11-03.51.05:160][622]LogContentBrowser: Native class hierarchy updated for 'BlueprintGraph' in 0.0005 seconds. Added 121 classes and 0 folders.
[2019.06.11-03.51.06:144][622]LogScript: Warning: Script Msg: Divide by zero detected: 0.000000 / 0
Script call stack:
	Function /Game/ParagonGadget/Characters/Heroes/Gadget/Gadget_AnimBlueprint.Gadget_AnimBlueprint_C:BlueprintUpdateAnimation
	Function /Game/ParagonGadget/Characters/Heroes/Gadget/Gadget_AnimBlueprint.Gadget_AnimBlueprint_C:ExecuteUbergraph_Gadget_AnimBlueprint

[2019.06.11-03.51.06:165][622]LogScript: Warning: Script Msg: Divide by zero detected: 0.000000 / 0
Script call stack:
	Function /Game/ParagonGadget/Characters/Heroes/Gadget/Gadget_AnimBlueprint.Gadget_AnimBlueprint_C:BlueprintUpdateAnimation
	Function /Game/ParagonGadget/Characters/Heroes/Gadget/Gadget_AnimBlueprint.Gadget_AnimBlueprint_C:ExecuteUbergraph_Gadget_AnimBlueprint

[2019.06.11-03.51.06:178][622]LogSlate: Took 0.000276 seconds to synchronously load lazily loaded font '../../../Engine/Content/Slate/Fonts/Roboto-BoldCondensed.ttf' (158K)
[2019.06.11-03.51.08:174][808]LogSlate: Took 0.027935 seconds to synchronously load lazily loaded font '../../../Engine/Content/Slate/Fonts/Roboto-Italic.ttf' (157K)
[2019.06.11-03.51.25:776][878]LogSlate: Window 'GadgetPlayerCharacter' being destroyed
[2019.06.11-03.51.25:778][878]LogSlate: Window 'GadgetPlayerCharacter' being destroyed
[2019.06.11-03.51.34:538][738]LogAssetEditorManager: Opening Asset editor for Skeleton /Game/ParagonGadget/Characters/Heroes/Gadget/Meshes/Gadget_Skeleton.Gadget_Skeleton
[2019.06.11-03.51.34:560][738]LogBlueprintActionDatabase: Requesting refresh due to module change: SkeletonEditor (loaded)
[2019.06.11-03.51.34:560][738]LogContentBrowser: Native class hierarchy updated for 'SkeletonEditor' in 0.0002 seconds. Added 1 classes and 2 folders.
[2019.06.11-03.51.34:735][738]LogActorComponent: RegisterComponentWithWorld: (/Engine/Transient.World_6:PersistentLevel.AnimationEditorPreviewActor_0.DebugSkelMeshComponent_0) Already registered. Aborting.
[2019.06.11-03.51.34:737][738]LogBlueprintActionDatabase: Requesting refresh due to module change: PinnedCommandList (loaded)
[2019.06.11-03.51.34:737][738]LogContentBrowser: Native class hierarchy updated for 'PinnedCommandList' in 0.0002 seconds. Added 1 classes and 0 folders.
[2019.06.11-03.51.35:051][738]LogSkeletalMesh: USkeletalMeshComponent::InitArticulated : Bodies already created (/Engine/Transient.World_6:PersistentLevel.AnimationEditorPreviewActor_0.DebugSkelMeshComponent_0) - call TermArticulated first.
[2019.06.11-03.51.42:827][ 81]LogRenderer: Reallocating scene render targets to support 744x572 Format 10 NumSamples 1 (Frame:344).
[2019.06.11-03.51.44:198][113]LogSlate: Window 'Gadget_Skeleton' being destroyed
[2019.06.11-03.52.13:269][427]LogAssetEditorManager: Opening Asset editor for Rig /Game/ParagonGadget/Characters/Heroes/Gadget/Meshes/Paragon_Proto_Retarget.Paragon_Proto_Retarget
[2019.06.11-03.53.33:251][902]AnimBlueprintLog: Warning: SLOTNODE: 'UpperBody' in animation instance class Anim_BP_Miner_C already exists. Remove duplicates from the animation graph for this class.
[2019.06.11-03.53.39:833][500]LogAssetEditorManager: Opening Asset editor for Skeleton /Game/Animation/Mixamo/Miner_Skeleton.Miner_Skeleton
[2019.06.11-03.53.39:840][500]LogActorComponent: RegisterComponentWithWorld: (/Engine/Transient.World_10:PersistentLevel.AnimationEditorPreviewActor_0.DebugSkelMeshComponent_0) Already registered. Aborting.
[2019.06.11-03.53.39:868][500]LogSkeletalMesh: USkeletalMeshComponent::InitArticulated : Bodies already created (/Engine/Transient.World_10:PersistentLevel.AnimationEditorPreviewActor_0.DebugSkelMeshComponent_0) - call TermArticulated first.
[2019.06.11-03.54.02:649][801]LogSlate: Window 'Message' being destroyed
[2019.06.11-03.54.02:695][801]LogContentBrowser: Verbose: The majority of assets in the view are of type: Skeleton
[2019.06.11-03.54.08:489][801]LogSlate: Window 'Select Source Skeleton for the Rig' being destroyed
[2019.06.11-03.54.53:295][823]LogUnrealEdMisc: Warning: Heartbeat event firing too frequently (44.797 sec). This should never happen. Something is wrong with the timer delegate!
[2019.06.11-03.54.55:036][ 28]LogSavePackage: Moving '../../../../../../Users/blifson/Documents/Unreal Projects/Magnet/WestBattleAndCinematicsGit/Unreal/MagnetCave/Saved/Miner_Skeleton0AF78F6348E3A8050CA0BB99F048C2DB.tmp' to '../../../../../../Users/blifson/Documents/Unreal Projects/Magnet/WestBattleAndCinematicsGit/Unreal/MagnetCave/Content/Animation/Mixamo/Miner_Skeleton.uasset'
[2019.06.11-03.59.55:819][ 75]LogSavePackage: Moving '../../../../../../Users/blifson/Documents/Unreal Projects/Magnet/WestBattleAndCinematicsGit/Unreal/MagnetCave/Saved/Miner_Skeleton9A2408764C1CBBE662A2038F0A81367D.tmp' to '../../../../../../Users/blifson/Documents/Unreal Projects/Magnet/WestBattleAndCinematicsGit/Unreal/MagnetCave/Content/Animation/Mixamo/Miner_Skeleton.uasset'
[2019.06.11-04.00.12:378][562]LogSlate: Window 'Message' being destroyed
[2019.06.11-04.00.12:404][562]LogContentBrowser: Verbose: The majority of assets in the view are of type: Skeleton
[2019.06.11-04.00.17:342][562]LogSlate: Window 'Select Source Skeleton for the Rig' being destroyed
[2019.06.11-04.19.43:467][391]LogSlate: Window 'Save Mapping' being destroyed
[2019.06.11-04.19.43:553][391]LogSavePackage: Moving '../../../../../../Users/blifson/Documents/Unreal Projects/Magnet/WestBattleAndCinematicsGit/Unreal/MagnetCave/Saved/HumanoidBoneMappingE070CD8D41E70438806587B711F75B8C.tmp' to '../../../../../../Users/blifson/Documents/Unreal Projects/Magnet/WestBattleAndCinematicsGit/Unreal/MagnetCave/Content/Animation/Mixamo/HumanoidBoneMapping.uasset'
[2019.06.11-04.19.46:710][748]LogUObjectHash: Compacting FUObjectHashTables data took   7.13ms
[2019.06.11-04.19.46:710][748]LogFileHelpers: Editor autosave (incl. sublevels) for '/Game/Maps/Testing/TestLevel03' took 0.126
[2019.06.11-04.19.46:711][748]OBJ SavePackage: Generating thumbnails for [0] asset(s) in package [/Game/Animation/Mixamo/Miner_Skeleton] ([1] browsable assets)...
[2019.06.11-04.19.46:711][748]OBJ SavePackage: Finished generating thumbnails for package [/Game/Animation/Mixamo/Miner_Skeleton]
[2019.06.11-04.19.46:731][748]LogSavePackage: Moving '../../../../../../Users/blifson/Documents/Unreal Projects/Magnet/WestBattleAndCinematicsGit/Unreal/MagnetCave/Saved/Miner_Skeleton_Auto1E28DAA82497DBDB29918B083C1CC742C.tmp' to '../../../../../../Users/blifson/Documents/Unreal Projects/Magnet/WestBattleAndCinematicsGit/Unreal/MagnetCave/Saved/Autosaves/Game/Animation/Mixamo/Miner_Skeleton_Auto1.uasset'
[2019.06.11-04.19.46:732][748]LogFileHelpers: Auto-saving content packages took 0.021
[2019.06.11-04.21.33:220][454]LogSavePackage: Moving '../../../../../../Users/blifson/Documents/Unreal Projects/Magnet/WestBattleAndCinematicsGit/Unreal/MagnetCave/Saved/Miner_Skeleton442BE03C4EF7099F0BEC55B1F5E5D531.tmp' to '../../../../../../Users/blifson/Documents/Unreal Projects/Magnet/WestBattleAndCinematicsGit/Unreal/MagnetCave/Content/Animation/Mixamo/Miner_Skeleton.uasset'
[2019.06.11-04.21.55:409][782]LogSlate: Window 'Save Mapping' being destroyed
[2019.06.11-04.22.00:712][408]LogSavePackage: Moving '../../../../../../Users/blifson/Documents/Unreal Projects/Magnet/WestBattleAndCinematicsGit/Unreal/MagnetCave/Saved/Gadget_SkeletonF87D56E24E43B02FB7F2BA8E63FDA969.tmp' to '../../../../../../Users/blifson/Documents/Unreal Projects/Magnet/WestBattleAndCinematicsGit/Unreal/MagnetCave/Content/ParagonGadget/Characters/Heroes/Gadget/Meshes/Gadget_Skeleton.uasset'
[2019.06.11-04.22.30:342][991]LogSavePackage: Moving '../../../../../../Users/blifson/Documents/Unreal Projects/Magnet/WestBattleAndCinematicsGit/Unreal/MagnetCave/Saved/Miner_Skeleton5E971D074435BC31B76A7FB510A7EA0D.tmp' to '../../../../../../Users/blifson/Documents/Unreal Projects/Magnet/WestBattleAndCinematicsGit/Unreal/MagnetCave/Content/Animation/Mixamo/Miner_Skeleton.uasset'
[2019.06.11-04.22.31:921][173]LogSavePackage: Moving '../../../../../../Users/blifson/Documents/Unreal Projects/Magnet/WestBattleAndCinematicsGit/Unreal/MagnetCave/Saved/Gadget_Skeleton74610595428EF2F4585A978D2799FF00.tmp' to '../../../../../../Users/blifson/Documents/Unreal Projects/Magnet/WestBattleAndCinematicsGit/Unreal/MagnetCave/Content/ParagonGadget/Characters/Heroes/Gadget/Meshes/Gadget_Skeleton.uasset'
[2019.06.11-04.23.05:360][657]LogContentBrowser: Verbose: The majority of assets in the view are of type: Skeleton
[2019.06.11-04.23.20:206][426]LogSlate: Window 'Select Skeleton' being destroyed
[2019.06.11-04.23.51:900][838]LogContentBrowser: Verbose: The majority of assets in the view are of type: Skeleton
[2019.06.11-04.23.57:954][455]LogSkeletalMesh: Building Skeletal Mesh SK_AnimStarter_Mannequin...
[2019.06.11-04.23.58:121][455]LogSkeletalMesh: Built Skeletal Mesh [0.17s] /Game/Animation/AnimStarterPack/UE4_Mannequin/Mesh/SK_AnimStarter_Mannequin.SK_AnimStarter_Mannequin
[2019.06.11-04.24.14:791][414]LogSlate: FSceneViewport::OnFocusLost() reason 0
[2019.06.11-04.24.14:924][430]LogSlate: Window 'Select Skeleton' being destroyed
[2019.06.11-04.25.30:449][327]LogSlate: FSceneViewport::OnFocusLost() reason 2
[2019.06.11-04.25.54:574][158]LogSlate: FSceneViewport::OnFocusLost() reason 2
[2019.06.11-04.25.57:600][521]LogSlate: FSceneViewport::OnFocusLost() reason 2
[2019.06.11-04.26.56:579][122]Cmd: TRANSACTION UNDO
[2019.06.11-04.26.56:579][122]LogEditorTransaction: Undo Rotate Bone
[2019.06.11-04.26.56:755][122]LogActorComponent: RegisterComponentWithWorld: (/Engine/Transient.World_6:PersistentLevel.AnimationEditorPreviewActor_0.DebugSkelMeshComponent_0) Already registered. Aborting.
[2019.06.11-04.26.56:762][122]LogActorComponent: RegisterComponentWithWorld: (/Engine/Transient.World_10:PersistentLevel.AnimationEditorPreviewActor_0.DebugSkelMeshComponent_0) Already registered. Aborting.
[2019.06.11-04.27.07:978][356]Cmd: TRANSACTION UNDO
[2019.06.11-04.27.07:978][356]LogEditorTransaction: Undo Rotate Bone
[2019.06.11-04.27.08:144][356]LogActorComponent: RegisterComponentWithWorld: (/Engine/Transient.World_6:PersistentLevel.AnimationEditorPreviewActor_0.DebugSkelMeshComponent_0) Already registered. Aborting.
[2019.06.11-04.27.08:150][356]LogActorComponent: RegisterComponentWithWorld: (/Engine/Transient.World_10:PersistentLevel.AnimationEditorPreviewActor_0.DebugSkelMeshComponent_0) Already registered. Aborting.
[2019.06.11-04.27.43:102][128]LogSlate: FSceneViewport::OnFocusLost() reason 0
[2019.06.11-04.27.54:440][465]LogSlate: FSceneViewport::OnFocusLost() reason 0
[2019.06.11-04.28.01:169][265]Cmd: TRANSACTION UNDO
[2019.06.11-04.28.01:169][265]LogEditorTransaction: Undo Rotate Bone
[2019.06.11-04.28.01:483][265]LogActorComponent: RegisterComponentWithWorld: (/Engine/Transient.World_6:PersistentLevel.AnimationEditorPreviewActor_0.DebugSkelMeshComponent_0) Already registered. Aborting.
[2019.06.11-04.28.01:489][265]LogActorComponent: RegisterComponentWithWorld: (/Engine/Transient.World_10:PersistentLevel.AnimationEditorPreviewActor_0.DebugSkelMeshComponent_0) Already registered. Aborting.
[2019.06.11-04.28.03:053][414]LogSlate: FSceneViewport::OnFocusLost() reason 0
[2019.06.11-04.28.14:245][724]LogSlate: FSceneViewport::OnFocusLost() reason 0
[2019.06.11-04.28.14:381][737]LogSavePackage: Moving '../../../../../../Users/blifson/Documents/Unreal Projects/Magnet/WestBattleAndCinematicsGit/Unreal/MagnetCave/Saved/Gadget_Skeleton69C7443E4CCAF27145EF81BB498358B8.tmp' to '../../../../../../Users/blifson/Documents/Unreal Projects/Magnet/WestBattleAndCinematicsGit/Unreal/MagnetCave/Content/ParagonGadget/Characters/Heroes/Gadget/Meshes/Gadget_Skeleton.uasset'
[2019.06.11-04.29.00:210][656]LogSlate: FSceneViewport::OnFocusLost() reason 0
[2019.06.11-04.29.14:031][919]LogSlate: FSceneViewport::OnFocusLost() reason 2
[2019.06.11-04.29.19:420][502]LogContentBrowser: Verbose: The majority of assets in the view are of type: Skeleton
[2019.06.11-04.29.42:885][ 47]LogSlate: FSceneViewport::OnFocusLost() reason 2
[2019.06.11-04.29.57:969][ 87]LogSlate: Window 'Create New Animation Object' being destroyed
[2019.06.11-04.30.00:548][395]LogSlate: Window 'Select Skeleton' being destroyed
[2019.06.11-04.30.36:541][238]LogContentBrowser: Verbose: The majority of assets in the view are of type: Skeleton
[2019.06.11-04.30.44:621][190]LogSlate: FSceneViewport::OnFocusLost() reason 0
[2019.06.11-04.30.58:253][825]LogSlate: Window 'Select Skeleton' being destroyed
[2019.06.11-04.31.06:810][671]LogAssetEditorManager: Opening Asset editor for AnimSequence /Game/Animation/Mixamo/Crouch_Walk_Forward_A_mixamo_com.Crouch_Walk_Forward_A_mixamo_com
[2019.06.11-04.31.06:856][671]LogBlueprintActionDatabase: Requesting refresh due to module change: AnimationEditor (loaded)
[2019.06.11-04.31.06:864][671]LogActorComponent: RegisterComponentWithWorld: (/Engine/Transient.World_19:PersistentLevel.AnimationEditorPreviewActor_0.DebugSkelMeshComponent_0) Already registered. Aborting.
[2019.06.11-04.31.06:940][671]LogSkeletalMesh: USkeletalMeshComponent::InitArticulated : Bodies already created (/Engine/Transient.World_19:PersistentLevel.AnimationEditorPreviewActor_0.DebugSkelMeshComponent_0) - call TermArticulated first.
[2019.06.11-04.31.08:139][671]LogContentBrowser: Verbose: The majority of assets in the view are of type: AnimSequence
[2019.06.11-04.31.13:742][300]LogContentBrowser: Verbose: The majority of assets in the view are of type: Skeleton
[2019.06.11-04.31.24:251][534]LogSlate: FSceneViewport::OnFocusLost() reason 0
[2019.06.11-04.31.24:362][547]LogSlate: Window 'Select Skeleton' being destroyed
[2019.06.11-04.31.52:023][986]LogUObjectHash: Compacting FUObjectHashTables data took  11.49ms
[2019.06.11-04.31.52:024][986]LogFileHelpers: Editor autosave (incl. sublevels) for '/Game/Maps/Testing/TestLevel03' took 0.214
[2019.06.11-04.31.52:027][986]OBJ SavePackage: Generating thumbnails for [1] asset(s) in package [/Game/ParagonGadget/Characters/Heroes/Gadget/Meshes/Gadget] ([1] browsable assets)...
[2019.06.11-04.31.52:075][986]OBJ SavePackage:     Rendered thumbnail for [SkeletalMesh /Game/ParagonGadget/Characters/Heroes/Gadget/Meshes/Gadget.Gadget]
[2019.06.11-04.31.52:075][986]OBJ SavePackage: Finished generating thumbnails for package [/Game/ParagonGadget/Characters/Heroes/Gadget/Meshes/Gadget]
[2019.06.11-04.31.52:726][986]LogSavePackage: Moving '../../../../../../Users/blifson/Documents/Unreal Projects/Magnet/WestBattleAndCinematicsGit/Unreal/MagnetCave/Saved/Gadget_Auto2B174AF2843A29A7836AB3EA4484F988C.tmp' to '../../../../../../Users/blifson/Documents/Unreal Projects/Magnet/WestBattleAndCinematicsGit/Unreal/MagnetCave/Saved/Autosaves/Game/ParagonGadget/Characters/Heroes/Gadget/Meshes/Gadget_Auto2.uasset'
[2019.06.11-04.31.52:729][986]LogFileHelpers: Auto-saving content packages took 0.705
[2019.06.11-04.32.12:338][714]LogSlate: FSceneViewport::OnFocusLost() reason 0
[2019.06.11-04.32.15:921][116]LogContentBrowser: Verbose: The majority of assets in the view are of type: Skeleton
[2019.06.11-04.32.24:756][567]LogSlate: Window 'Create New Animation Object' being destroyed
[2019.06.11-04.32.26:775][803]LogAnimationCompression: Building Anim DDC data for AnimSequence /Game/Animation/Retargeted/Crouch_Walk_Forward_A_mixamo_com.Crouch_Walk_Forward_A_mixamo_com
[2019.06.11-04.32.26:776][803]LogAnimationCompression: Recompressing (AnimSequence /Engine/Transient.Crouch_Walk_Forward_A_mixamo_com) using current/default (AnimCompress_BitwiseCompressOnly_0) bFirstRecompressUsingCurrentOrDefault(1) bTryAlternateCompressor(0) IsCompressedDataValid(0)
[2019.06.11-04.32.26:779][803]LogAnimationCompression: Building Anim DDC data for AnimSequence /Game/Animation/Retargeted/Crouch_Walk_Forward_A_mixamo_com.Crouch_Walk_Forward_A_mixamo_com
[2019.06.11-04.32.26:782][803]LogAnimationCompression: Recompressing (AnimSequence /Engine/Transient.Crouch_Walk_Forward_A_mixamo_com) using current/default (AnimCompress_BitwiseCompressOnly_1) bFirstRecompressUsingCurrentOrDefault(1) bTryAlternateCompressor(0) IsCompressedDataValid(0)
[2019.06.11-04.32.26:807][803]LogAnimationCompression: Building Anim DDC data for AnimSequence /Game/Animation/Retargeted/Crouch_Walk_Forward_A_mixamo_com.Crouch_Walk_Forward_A_mixamo_com
[2019.06.11-04.32.26:810][803]LogAnimationCompression: Recompressing (AnimSequence /Engine/Transient.Crouch_Walk_Forward_A_mixamo_com) using current/default (AnimCompress_BitwiseCompressOnly_2) bFirstRecompressUsingCurrentOrDefault(1) bTryAlternateCompressor(0) IsCompressedDataValid(0)
[2019.06.11-04.32.26:813][803]LogAnimationCompression: Building Anim DDC data for AnimSequence /Game/Animation/Retargeted/Crouch_Walk_Forward_A_mixamo_com.Crouch_Walk_Forward_A_mixamo_com
[2019.06.11-04.32.26:814][803]LogAnimationCompression: Recompressing (AnimSequence /Engine/Transient.Crouch_Walk_Forward_A_mixamo_com) using current/default (AnimCompress_BitwiseCompressOnly_3) bFirstRecompressUsingCurrentOrDefault(1) bTryAlternateCompressor(0) IsCompressedDataValid(0)
[2019.06.11-04.32.26:824][803]LogSlate: Window 'Select Skeleton' being destroyed
[2019.06.11-04.32.30:846][258]LogAssetEditorManager: Opening Asset editor for AnimSequence /Game/Animation/Retargeted/Crouch_Walk_Forward_A_mixamo_com.Crouch_Walk_Forward_A_mixamo_com
[2019.06.11-04.32.30:850][258]LogActorComponent: RegisterComponentWithWorld: (/Engine/Transient.World_26:PersistentLevel.AnimationEditorPreviewActor_0.DebugSkelMeshComponent_0) Already registered. Aborting.
[2019.06.11-04.32.30:894][258]LogSkeletalMesh: USkeletalMeshComponent::InitArticulated : Bodies already created (/Engine/Transient.World_26:PersistentLevel.AnimationEditorPreviewActor_0.DebugSkelMeshComponent_0) - call TermArticulated first.
[2019.06.11-04.32.31:304][258]LogContentBrowser: Verbose: The majority of assets in the view are of type: AnimSequence
[2019.06.11-04.32.54:920][ 58]LogSlate: FSceneViewport::OnFocusLost() reason 0
[2019.06.11-04.32.56:695][271]LogEditorViewport: Clicking Background
[2019.06.11-04.32.57:494][365]LogEditorViewport: Clicking on Actor (LMB): SkeletalMeshActor (Crouch_Walk_Forward_A_mixamo_com)
[2019.06.11-04.32.58:563][490]Cmd: DELETE
[2019.06.11-04.32.58:563][490]Cmd: ACTOR DELETE
[2019.06.11-04.32.58:577][490]LogEditorActor: Deleted Actor: SkeletalMeshActor
[2019.06.11-04.32.58:638][490]LogUObjectHash: Compacting FUObjectHashTables data took   3.07ms
[2019.06.11-04.32.58:639][490]LogEditorActor: Deleted 1 Actors (0.075 secs)
[2019.06.11-04.33.00:100][665]LogSlate: FSceneViewport::OnFocusLost() reason 0
[2019.06.11-04.33.00:258][684]LogTemp: Repeating last play command: Selected Viewport
[2019.06.11-04.33.00:277][684]LogBlueprintUserMessages: Early PlayInEditor Detection: Level '/Game/Maps/Testing/TestLevel03.TestLevel03:PersistentLevel' has LevelScriptBlueprint '/Game/Maps/Testing/TestLevel03.TestLevel03:PersistentLevel.TestLevel03' with GeneratedClass '/Game/Maps/Testing/TestLevel03.TestLevel03_C' with ClassGeneratedBy '/Game/Maps/Testing/TestLevel03.TestLevel03:PersistentLevel.TestLevel03'
[2019.06.11-04.33.00:277][684]LogPlayLevel: PlayLevel: No blueprints needed recompiling
[2019.06.11-04.33.00:277][684]PIE: New page: PIE session: TestLevel03 (Jun 10, 2019, 6:33:00 PM)
[2019.06.11-04.33.00:277][684]LogPlayLevel: Creating play world package: /Game/Maps/Testing/UEDPIE_0_TestLevel03
[2019.06.11-04.33.00:318][684]LogPlayLevel: PIE: StaticDuplicateObject took: (0.040671s)
[2019.06.11-04.33.00:319][684]LogAIModule: Creating AISystem for world TestLevel03
[2019.06.11-04.33.00:319][684]LogPlayLevel: PIE: World Init took: (0.000951s)
[2019.06.11-04.33.00:319][684]LogPlayLevel: PIE: Created PIE world by copying editor world from /Game/Maps/Testing/TestLevel03.TestLevel03 to /Game/Maps/Testing/UEDPIE_0_TestLevel03.TestLevel03 (0.042096s)
[2019.06.11-04.33.00:346][684]LogUObjectHash: Compacting FUObjectHashTables data took   1.66ms
[2019.06.11-04.33.00:351][684]LogInit: XAudio2 using 'SAMSUNG-8 (NVIDIA High Definition Audio)' : 2 channels at 48 kHz using 16 bits per sample (channel mask 0x3)
[2019.06.11-04.33.00:359][684]LogInit: FAudioDevice initialized.
[2019.06.11-04.33.00:390][684]LogLoad: Game class is 'SideScrollerGameMode_C'
[2019.06.11-04.33.00:391][684]LogWorld: Bringing World /Game/Maps/Testing/UEDPIE_0_TestLevel03.TestLevel03 up for play (max tick rate 0) at 2019.06.10-23.33.00
[2019.06.11-04.33.00:392][684]LogWorld: Bringing up level for play took: 0.000895
[2019.06.11-04.33.00:405][684]AnimBlueprintLog: Warning: SLOTNODE: 'UpperBody' in animation instance class Anim_BP_Miner_C already exists. Remove duplicates from the animation graph for this class.
[2019.06.11-04.33.00:406][684]LogBlueprintUserMessages: [SideScrollerGameMode_C_0] TestLevel03
[2019.06.11-04.33.00:407][684]PIE: Play in editor start time for /Game/Maps/Testing/UEDPIE_0_TestLevel03 -0.037
[2019.06.11-04.33.00:407][684]LogBlueprintUserMessages: Late PlayInEditor Detection: Level '/Game/Maps/Testing/TestLevel03.TestLevel03:PersistentLevel' has LevelScriptBlueprint '/Game/Maps/Testing/TestLevel03.TestLevel03:PersistentLevel.TestLevel03' with GeneratedClass '/Game/Maps/Testing/TestLevel03.TestLevel03_C' with ClassGeneratedBy '/Game/Maps/Testing/TestLevel03.TestLevel03:PersistentLevel.TestLevel03'
[2019.06.11-04.33.04:623][187]LogBlueprintUserMessages: Early EndPlayMap Detection: Level '/Game/Maps/Testing/TestLevel03.TestLevel03:PersistentLevel' has LevelScriptBlueprint '/Game/Maps/Testing/TestLevel03.TestLevel03:PersistentLevel.TestLevel03' with GeneratedClass '/Game/Maps/Testing/TestLevel03.TestLevel03_C' with ClassGeneratedBy '/Game/Maps/Testing/TestLevel03.TestLevel03:PersistentLevel.TestLevel03'
[2019.06.11-04.33.04:623][187]LogSlate: Updating window title bar state: overlay mode, drag disabled, window buttons hidden, title bar hidden
[2019.06.11-04.33.04:651][187]LogPlayLevel: Display: Shutting down PIE online subsystems
[2019.06.11-04.33.04:651][187]LogBlueprintUserMessages: Late EndPlayMap Detection: Level '/Game/Maps/Testing/TestLevel03.TestLevel03:PersistentLevel' has LevelScriptBlueprint '/Game/Maps/Testing/TestLevel03.TestLevel03:PersistentLevel.TestLevel03' with GeneratedClass '/Game/Maps/Testing/TestLevel03.TestLevel03_C' with ClassGeneratedBy '/Game/Maps/Testing/TestLevel03.TestLevel03:PersistentLevel.TestLevel03'
[2019.06.11-04.33.04:680][187]LogSlate: Updating window title bar state: overlay mode, drag disabled, window buttons hidden, title bar hidden
[2019.06.11-04.33.04:683][187]LogUObjectHash: Compacting FUObjectHashTables data took   1.70ms
[2019.06.11-04.33.04:725][191]LogPlayLevel: Display: Destroying online subsystem :Context_31
[2019.06.11-04.33.07:614][537]LogSlate: FSceneViewport::OnFocusLost() reason 0
[2019.06.11-04.33.15:342][459]LogUObjectHash: Compacting FUObjectHashTables data took   0.81ms
[2019.06.11-04.33.16:892][459]LogSlate: Window 'Save Content' being destroyed
[2019.06.11-04.33.16:920][459]LogSavePackage: Moving '../../../../../../Users/blifson/Documents/Unreal Projects/Magnet/WestBattleAndCinematicsGit/Unreal/MagnetCave/Saved/Miner_Skeleton4A82CFE74473070756E1EB98D15B00A3.tmp' to '../../../../../../Users/blifson/Documents/Unreal Projects/Magnet/WestBattleAndCinematicsGit/Unreal/MagnetCave/Content/Animation/Mixamo/Miner_Skeleton.uasset'
[2019.06.11-04.33.16:954][459]LogSavePackage: Moving '../../../../../../Users/blifson/Documents/Unreal Projects/Magnet/WestBattleAndCinematicsGit/Unreal/MagnetCave/Saved/Crouch_Walk_Forward_A_mixamo_com6107086344D5CBCB7863C9BEF46873F2.tmp' to '../../../../../../Users/blifson/Documents/Unreal Projects/Magnet/WestBattleAndCinematicsGit/Unreal/MagnetCave/Content/Animation/Retargeted/Crouch_Walk_Forward_A_mixamo_com.uasset'
[2019.06.11-04.33.16:990][459]LogUObjectHash: Compacting FUObjectHashTables data took   0.73ms
[2019.06.11-04.33.17:323][459]LogSavePackage: Moving '../../../../../../Users/blifson/Documents/Unreal Projects/Magnet/WestBattleAndCinematicsGit/Unreal/MagnetCave/Saved/TestLevel031E2D4C5D40FA10241311378859B20D7B.tmp' to '../../../../../../Users/blifson/Documents/Unreal Projects/Magnet/WestBattleAndCinematicsGit/Unreal/MagnetCave/Content/Maps/Testing/TestLevel03.umap'
[2019.06.11-04.33.17:384][459]LogFileHelpers: Saving map 'TestLevel03' took 0.425
[2019.06.11-04.33.17:603][459]LogSavePackage: Moving '../../../../../../Users/blifson/Documents/Unreal Projects/Magnet/WestBattleAndCinematicsGit/Unreal/MagnetCave/Saved/Gadget2FE8A84A47D8397D5226A2B48F2F9491.tmp' to '../../../../../../Users/blifson/Documents/Unreal Projects/Magnet/WestBattleAndCinematicsGit/Unreal/MagnetCave/Content/ParagonGadget/Characters/Heroes/Gadget/Meshes/Gadget.uasset'
[2019.06.11-04.33.17:700][459]LogSavePackage: Moving '../../../../../../Users/blifson/Documents/Unreal Projects/Magnet/WestBattleAndCinematicsGit/Unreal/MagnetCave/Saved/Gadget_SkeletonFB38AE3D4921DC8F5116698E184FAD56.tmp' to '../../../../../../Users/blifson/Documents/Unreal Projects/Magnet/WestBattleAndCinematicsGit/Unreal/MagnetCave/Content/ParagonGadget/Characters/Heroes/Gadget/Meshes/Gadget_Skeleton.uasset'
